D:\HETANJIN\SMALLSOFTWARE\GITHUB\STORAGEFILES\MESMER3.0\WINDOWS VC10\QD\DEBUG\BITS.OBJ
D:\HETANJIN\SMALLSOFTWARE\GITHUB\STORAGEFILES\MESMER3.0\WINDOWS VC10\QD\DEBUG\C_DD.OBJ
D:\HETANJIN\SMALLSOFTWARE\GITHUB\STORAGEFILES\MESMER3.0\WINDOWS VC10\QD\DEBUG\C_QD.OBJ
D:\hetanjin\smallSoftware\github\storageFiles\Mesmer3.0\Windows VC10\qd\Debug\cl.command.1.tlog
D:\hetanjin\smallSoftware\github\storageFiles\Mesmer3.0\Windows VC10\qd\Debug\CL.read.1.tlog
D:\hetanjin\smallSoftware\github\storageFiles\Mesmer3.0\Windows VC10\qd\Debug\CL.write.1.tlog
D:\HETANJIN\SMALLSOFTWARE\GITHUB\STORAGEFILES\MESMER3.0\WINDOWS VC10\QD\DEBUG\DD_CONST.OBJ
D:\HETANJIN\SMALLSOFTWARE\GITHUB\STORAGEFILES\MESMER3.0\WINDOWS VC10\QD\DEBUG\DD_REAL.OBJ
D:\HETANJIN\SMALLSOFTWARE\GITHUB\STORAGEFILES\MESMER3.0\WINDOWS VC10\QD\DEBUG\FPU.OBJ
D:\hetanjin\smallSoftware\github\storageFiles\Mesmer3.0\Windows VC10\qd\Debug\lib.command.1.tlog
D:\hetanjin\smallSoftware\github\storageFiles\Mesmer3.0\Windows VC10\qd\Debug\Lib-link.read.1.tlog
D:\hetanjin\smallSoftware\github\storageFiles\Mesmer3.0\Windows VC10\qd\Debug\Lib-link.write.1.tlog
D:\hetanjin\smallSoftware\github\storageFiles\Mesmer3.0\Windows VC10\qd\Debug\qd.vcxprojResolveAssemblyReference.cache
D:\hetanjin\smallSoftware\github\storageFiles\Mesmer3.0\Windows VC10\qd\Debug\qd.write.1.tlog
D:\HETANJIN\SMALLSOFTWARE\GITHUB\STORAGEFILES\MESMER3.0\WINDOWS VC10\QD\DEBUG\QD_CONST.OBJ
D:\HETANJIN\SMALLSOFTWARE\GITHUB\STORAGEFILES\MESMER3.0\WINDOWS VC10\QD\DEBUG\QD_REAL.OBJ
D:\HETANJIN\SMALLSOFTWARE\GITHUB\STORAGEFILES\MESMER3.0\WINDOWS VC10\QD\DEBUG\UTIL.OBJ
D:\hetanjin\smallSoftware\github\storageFiles\Mesmer3.0\Windows VC10\qd\Debug\vc100.idb
D:\HETANJIN\SMALLSOFTWARE\GITHUB\STORAGEFILES\MESMER3.0\WINDOWS VC10\QD\DEBUG\VC100.PDB
D:\HETANJIN\SMALLSOFTWARE\GITHUB\STORAGEFILES\MESMER3.0\WINDOWS VC10\QD\QDD.LIB
