
            /|      /|                        \   
           / |     / | ________________________\  
          /  |    /  |  _   _             _   _   
         /   |   /   | / \ / \ |\     /| / \ / \  
        /    |  /    | \_/ \_  | \   / | \_/ |_/  
       /     | /     | /     \ |  \ /  | /   | \  
    \_/      |/      | \_/ \_/ |   V   | \_/ |  \ 

     Mesmer: Master Equation Solver for Multi-Energy well Reactions
     Mesmer v3.0 compiled: -- Jan 27 2014 -- 17:02:15

     Copyright (C) 2009-2013 by
     Struan H. Robertson, David R. Glowacki, Chi-Hsiu Liang,
     Chris Morley, Michael J. Pilling and contributors

     Mesmer is free software: you can redistribute it and/or modify
     it under the terms of the GNU Public License as published by
     the Free Software Foundation, either version 2 of the License,
     or (at your option) any later version.

     But WITHOUT ANY WARRANTY; without even the implied warranty of
     MERCHANTABILITY or FITNESS FOR A PARTICULAR PURPOSE.  See the
     GNU Public License for more details.

    You should have received a copy of the GNU Public License
    along with Mesmer.  If not, see <http://www.gnu.org/licenses/>.


Parsing input xml file...
HSO2_test.xml

The default value of me:calcMethod was used.
In R1: Parsing reaction...
In H: The default value of me:frequenciesScaleFactor was used.
In H: The default value of me:symmetryNumber was used.
In H: The default value of me:DOSCMethod was used.
In SO2: The default value of me:frequenciesScaleFactor was used.
In SO2: The default value of spinMultiplicity (or one of its attributes) was used.
In HSO2: The default value of me:frequenciesScaleFactor was used.
In HSO2: The default value of me:symmetryNumber was used.
In HSO2: The default value of me:DistributionCalcMethod was used.
In TS1: No imaginary vibrational frequency. Check if there is tunneling.
The default value of me:frequenciesScaleFactor was used.
In TS1: The default value of me:symmetryNumber was used.
In R1: No tunneling method used for R1
In R1: No crossing method used for R1
In R1: Not a unimolecular reaction: look for excess reactant concentration.
All molecules are on the same energy basis: arbitary
1e+08Torr, 200K at double precision with Ar
1e+08Torr, 200K at dd precision with Ar
1e+08Torr, 200K at qd precision with Ar
Write metadata 20140127_170356

File: "HSO2_test.xml" successfully parsed.
Main Calculation begins
Number of grains produced is not equal to that requested
Number of grains requested: 92
Number of grains produced : 1
Finish Calculation of P-T case
 -- Total time elapsed: 2 seconds.

System saved to out.xml
