
            /|      /|                        \   
           / |     / | ________________________\  
          /  |    /  |  _   _             _   _   
         /   |   /   | / \ / \ |\     /| / \ / \  
        /    |  /    | \_/ \_  | \   / | \_/ |_/  
       /     | /     | /     \ |  \ /  | /   | \  
    \_/      |/      | \_/ \_/ |   V   | \_/ |  \ 

     Mesmer: Master Equation Solver for Multi-Energy well Reactions
     Mesmer v3.0 compiled: -- Jan 27 2014 -- 17:02:15

     Copyright (C) 2009-2013 by
     Struan H. Robertson, David R. Glowacki, Chi-Hsiu Liang,
     Chris Morley, Michael J. Pilling and contributors

     Mesmer is free software: you can redistribute it and/or modify
     it under the terms of the GNU Public License as published by
     the Free Software Foundation, either version 2 of the License,
     or (at your option) any later version.

     But WITHOUT ANY WARRANTY; without even the implied warranty of
     MERCHANTABILITY or FITNESS FOR A PARTICULAR PURPOSE.  See the
     GNU Public License for more details.

    You should have received a copy of the GNU Public License
    along with Mesmer.  If not, see <http://www.gnu.org/licenses/>.


Parsing input xml file...
Acetyl_O2_association.xml

The default value of me:calcMethod was used.
In R1: Parsing reaction...
In Int1: The default value of me:DistributionCalcMethod was used.
In R1: The default value of me:TInfinity was used.
In R1: No tunneling method used for R1
In R1: No crossing method used for R1
In R1: Not a unimolecular reaction: look for excess reactant concentration.
In R2: Parsing reaction...
In Int2: The default value of me:DistributionCalcMethod was used.
In R2: No crossing method used for R2
In R3: Parsing reaction...
In R3: No tunneling method used for R3
In R3: No crossing method used for R3
In R4: Parsing reaction...
In R4: No tunneling method used for R4
In R4: No crossing method used for R4
All molecules are on the same energy basis: arbitary
The default value of precision (or one of its attributes) was used.
200.72Torr, 298K at d precision with He
Write metadata 20140127_170403

File: "Acetyl_O2_association.xml" successfully parsed.
Main Calculation begins
In FastLaplaceConvolution: 20 values in the FFT convolution routine were replaced by standard convolution
In FastLaplaceConvolution: 60 values in the FFT convolution routine were replaced by standard convolution
Association ILT calculation completed
In FastLaplaceConvolution: 7520 values in the FFT convolution routine were replaced by standard convolution
In timeEvolution: No population was assigned. Initialize the first source term to 1.0.
No population was assigned. Initialize the first source term to 1.0.
Finish Calculation of P-T case
 -- Total time elapsed: 1 seconds.

System saved to out.xml
