
            /|      /|                        \   
           / |     / | ________________________\  
          /  |    /  |  _   _             _   _   
         /   |   /   | / \ / \ |\     /| / \ / \  
        /    |  /    | \_/ \_  | \   / | \_/ |_/  
       /     | /     | /     \ |  \ /  | /   | \  
    \_/      |/      | \_/ \_/ |   V   | \_/ |  \ 

     Mesmer: Master Equation Solver for Multi-Energy well Reactions
     Mesmer v3.0 compiled: -- Jan 27 2014 -- 17:02:15

     Copyright (C) 2009-2013 by
     Struan H. Robertson, David R. Glowacki, Chi-Hsiu Liang,
     Chris Morley, Michael J. Pilling and contributors

     Mesmer is free software: you can redistribute it and/or modify
     it under the terms of the GNU Public License as published by
     the Free Software Foundation, either version 2 of the License,
     or (at your option) any later version.

     But WITHOUT ANY WARRANTY; without even the implied warranty of
     MERCHANTABILITY or FITNESS FOR A PARTICULAR PURPOSE.  See the
     GNU Public License for more details.

    You should have received a copy of the GNU Public License
    along with Mesmer.  If not, see <http://www.gnu.org/licenses/>.


Parsing input xml file...
Cyclopropene_isomerization_test.xml

The default value of me:calcMethod was used.
In R1: Parsing reaction...
In allene: The default value of spinMultiplicity (or one of its attributes) was used.
In allene: The default value of me:DistributionCalcMethod was used.
In cyclopropene: The default value of spinMultiplicity (or one of its attributes) was used.
In cyclopropene: The default value of me:DistributionCalcMethod was used.
In R1: No imaginary vibrational frequency. Check if there is tunneling.
No tunneling method used for R1
In R1: No crossing method used for R1
In R2: Parsing reaction...
In propyne: The default value of me:DistributionCalcMethod was used.
In R2: No imaginary vibrational frequency. Check if there is tunneling.
No tunneling method used for R2
In R2: No crossing method used for R2
All molecules are on the same energy basis: arbitary
The default value of precision (or one of its attributes) was used.
200.72Torr, 800K at d precision with He
The default value of precision (or one of its attributes) was used.
250Torr, 1000K at d precision with He
Write metadata 20140127_170358

File: "Cyclopropene_isomerization_test.xml" successfully parsed.
Main Calculation begins
Finish Calculation of P-T case
 -- Total time elapsed: 3 seconds.

System saved to out.xml
