
            /|      /|                        \   
           / |     / | ________________________\  
          /  |    /  |  _   _             _   _   
         /   |   /   | / \ / \ |\     /| / \ / \  
        /    |  /    | \_/ \_  | \   / | \_/ |_/  
       /     | /     | /     \ |  \ /  | /   | \  
    \_/      |/      | \_/ \_/ |   V   | \_/ |  \ 

     Mesmer: Master Equation Solver for Multi-Energy well Reactions
     Mesmer v3.0 compiled: -- Jan 27 2014 -- 17:02:15

     Copyright (C) 2009-2013 by
     Struan H. Robertson, David R. Glowacki, Chi-Hsiu Liang,
     Chris Morley, Michael J. Pilling and contributors

     Mesmer is free software: you can redistribute it and/or modify
     it under the terms of the GNU Public License as published by
     the Free Software Foundation, either version 2 of the License,
     or (at your option) any later version.

     But WITHOUT ANY WARRANTY; without even the implied warranty of
     MERCHANTABILITY or FITNESS FOR A PARTICULAR PURPOSE.  See the
     GNU Public License for more details.

    You should have received a copy of the GNU Public License
    along with Mesmer.  If not, see <http://www.gnu.org/licenses/>.


Parsing input xml file...
ThermodynamicTable.xml

Write metadata 20140127_170405

File: "ThermodynamicTable.xml" successfully parsed.
Main Calculation begins
The default units of kJ/mol will be used for thermodynamics tables.
In HNO2: The default value of me:frequenciesScaleFactor was used.
In HNO2: The default value of spinMultiplicity (or one of its attributes) was used.
In HNO2: The default value of me:DOSCMethod was used.
In HNO2: New me:ZPE element written with data from me:Hf298
In He: The default value of me:frequenciesScaleFactor was used.
In He: The default value of me:symmetryNumber was used.
In He: The default value of spinMultiplicity (or one of its attributes) was used.
In He: The default value of me:DOSCMethod was used.
Number of grains produced is not equal to that requested
Number of grains requested: 1000
Number of grains produced : 1
In NO: The default value of me:frequenciesScaleFactor was used.
In NO: The default value of me:DOSCMethod was used.
In NO: New me:ZPE element written with data from me:Hf298
In OH: The default value of me:frequenciesScaleFactor was used.
In OH: Number of grains produced is not equal to that requested
In OH: Number of grains requested: 1000
In OH: Number of grains produced : 577
In OH: New me:ZPE element written with data from me:Hf298
Number of grains produced is not equal to that requested
Number of grains requested: 1000
Number of grains produced : 577
 -- Total time elapsed: 1 seconds.

System saved to out.xml
