..\Mesmer\Mesmer.ilk
..\Mesmer\Mesmer.pdb
D:\hetanjin\smallSoftware\github\storageFiles\Mesmer3.0\Windows VC10\Mesmer\..\Mesmer\Mesmer.exe
D:\HETANJIN\SMALLSOFTWARE\GITHUB\STORAGEFILES\MESMER3.0\WINDOWS VC10\MESMER\DEBUG\ANALYTICALREPRESENTATION.OBJ
D:\HETANJIN\SMALLSOFTWARE\GITHUB\STORAGEFILES\MESMER3.0\WINDOWS VC10\MESMER\DEBUG\ASSIGNMOLTYPES.OBJ
D:\HETANJIN\SMALLSOFTWARE\GITHUB\STORAGEFILES\MESMER3.0\WINDOWS VC10\MESMER\DEBUG\ASSOCIATIONREACTION.OBJ
D:\HETANJIN\SMALLSOFTWARE\GITHUB\STORAGEFILES\MESMER3.0\WINDOWS VC10\MESMER\DEBUG\BEYERSWINEHART.OBJ
D:\HETANJIN\SMALLSOFTWARE\GITHUB\STORAGEFILES\MESMER3.0\WINDOWS VC10\MESMER\DEBUG\BIMOLECULARSINKREACTION.OBJ
D:\HETANJIN\SMALLSOFTWARE\GITHUB\STORAGEFILES\MESMER3.0\WINDOWS VC10\MESMER\DEBUG\BOLTZMANNDISTRIBUTION.OBJ
D:\hetanjin\smallSoftware\github\storageFiles\Mesmer3.0\Windows VC10\Mesmer\Debug\cl.command.1.tlog
D:\hetanjin\smallSoftware\github\storageFiles\Mesmer3.0\Windows VC10\Mesmer\Debug\CL.read.1.tlog
D:\hetanjin\smallSoftware\github\storageFiles\Mesmer3.0\Windows VC10\Mesmer\Debug\CL.write.1.tlog
D:\HETANJIN\SMALLSOFTWARE\GITHUB\STORAGEFILES\MESMER3.0\WINDOWS VC10\MESMER\DEBUG\CLASSICALROTOR.OBJ
D:\HETANJIN\SMALLSOFTWARE\GITHUB\STORAGEFILES\MESMER3.0\WINDOWS VC10\MESMER\DEBUG\COLLISIONOPERATOR.OBJ
D:\HETANJIN\SMALLSOFTWARE\GITHUB\STORAGEFILES\MESMER3.0\WINDOWS VC10\MESMER\DEBUG\DEFINEDSTATESROTOR.OBJ
D:\HETANJIN\SMALLSOFTWARE\GITHUB\STORAGEFILES\MESMER3.0\WINDOWS VC10\MESMER\DEBUG\DEFINEDSUMOFSTATES.OBJ
D:\HETANJIN\SMALLSOFTWARE\GITHUB\STORAGEFILES\MESMER3.0\WINDOWS VC10\MESMER\DEBUG\DEFINEDTUNNELINGCOEFFICIENTS.OBJ
D:\HETANJIN\SMALLSOFTWARE\GITHUB\STORAGEFILES\MESMER3.0\WINDOWS VC10\MESMER\DEBUG\ECKARTCOEFFICIENTS.OBJ
D:\HETANJIN\SMALLSOFTWARE\GITHUB\STORAGEFILES\MESMER3.0\WINDOWS VC10\MESMER\DEBUG\ERROR.OBJ
D:\HETANJIN\SMALLSOFTWARE\GITHUB\STORAGEFILES\MESMER3.0\WINDOWS VC10\MESMER\DEBUG\EXPONENTIALDOWN.OBJ
D:\HETANJIN\SMALLSOFTWARE\GITHUB\STORAGEFILES\MESMER3.0\WINDOWS VC10\MESMER\DEBUG\FITTING.OBJ
D:\HETANJIN\SMALLSOFTWARE\GITHUB\STORAGEFILES\MESMER3.0\WINDOWS VC10\MESMER\DEBUG\FITTINGUTILS.OBJ
D:\HETANJIN\SMALLSOFTWARE\GITHUB\STORAGEFILES\MESMER3.0\WINDOWS VC10\MESMER\DEBUG\FORMATFLOAT.OBJ
D:\HETANJIN\SMALLSOFTWARE\GITHUB\STORAGEFILES\MESMER3.0\WINDOWS VC10\MESMER\DEBUG\GAUSSIANMODEL.OBJ
D:\HETANJIN\SMALLSOFTWARE\GITHUB\STORAGEFILES\MESMER3.0\WINDOWS VC10\MESMER\DEBUG\GRIDSEARCH.OBJ
D:\HETANJIN\SMALLSOFTWARE\GITHUB\STORAGEFILES\MESMER3.0\WINDOWS VC10\MESMER\DEBUG\HINDEREDROTORCM1D.OBJ
D:\HETANJIN\SMALLSOFTWARE\GITHUB\STORAGEFILES\MESMER3.0\WINDOWS VC10\MESMER\DEBUG\HINDEREDROTORQM1D.OBJ
D:\HETANJIN\SMALLSOFTWARE\GITHUB\STORAGEFILES\MESMER3.0\WINDOWS VC10\MESMER\DEBUG\IRREVERSIBLEEXCHANGEREACTION.OBJ
D:\HETANJIN\SMALLSOFTWARE\GITHUB\STORAGEFILES\MESMER3.0\WINDOWS VC10\MESMER\DEBUG\IRREVERSIBLEUNIMOLECULARREACTION.OBJ
D:\HETANJIN\SMALLSOFTWARE\GITHUB\STORAGEFILES\MESMER3.0\WINDOWS VC10\MESMER\DEBUG\ISOMERIZATIONREACTION.OBJ
D:\HETANJIN\SMALLSOFTWARE\GITHUB\STORAGEFILES\MESMER3.0\WINDOWS VC10\MESMER\DEBUG\LANDAUZENERCROSSINGCOEFF.OBJ
D:\hetanjin\smallSoftware\github\storageFiles\Mesmer3.0\Windows VC10\Mesmer\Debug\link.11416.read.1.tlog
D:\hetanjin\smallSoftware\github\storageFiles\Mesmer3.0\Windows VC10\Mesmer\Debug\link.11416.write.1.tlog
D:\hetanjin\smallSoftware\github\storageFiles\Mesmer3.0\Windows VC10\Mesmer\Debug\link.11416-cvtres.read.1.tlog
D:\hetanjin\smallSoftware\github\storageFiles\Mesmer3.0\Windows VC10\Mesmer\Debug\link.11416-cvtres.write.1.tlog
D:\hetanjin\smallSoftware\github\storageFiles\Mesmer3.0\Windows VC10\Mesmer\Debug\link.13604.read.1.tlog
D:\hetanjin\smallSoftware\github\storageFiles\Mesmer3.0\Windows VC10\Mesmer\Debug\link.13604.write.1.tlog
D:\hetanjin\smallSoftware\github\storageFiles\Mesmer3.0\Windows VC10\Mesmer\Debug\link.13604-cvtres.read.1.tlog
D:\hetanjin\smallSoftware\github\storageFiles\Mesmer3.0\Windows VC10\Mesmer\Debug\link.13604-cvtres.write.1.tlog
D:\hetanjin\smallSoftware\github\storageFiles\Mesmer3.0\Windows VC10\Mesmer\Debug\link.1972.read.1.tlog
D:\hetanjin\smallSoftware\github\storageFiles\Mesmer3.0\Windows VC10\Mesmer\Debug\link.1972.write.1.tlog
D:\hetanjin\smallSoftware\github\storageFiles\Mesmer3.0\Windows VC10\Mesmer\Debug\link.1972-cvtres.read.1.tlog
D:\hetanjin\smallSoftware\github\storageFiles\Mesmer3.0\Windows VC10\Mesmer\Debug\link.1972-cvtres.write.1.tlog
D:\hetanjin\smallSoftware\github\storageFiles\Mesmer3.0\Windows VC10\Mesmer\Debug\link.25176.read.1.tlog
D:\hetanjin\smallSoftware\github\storageFiles\Mesmer3.0\Windows VC10\Mesmer\Debug\link.25176.write.1.tlog
D:\hetanjin\smallSoftware\github\storageFiles\Mesmer3.0\Windows VC10\Mesmer\Debug\link.25176-cvtres.read.1.tlog
D:\hetanjin\smallSoftware\github\storageFiles\Mesmer3.0\Windows VC10\Mesmer\Debug\link.25176-cvtres.write.1.tlog
D:\hetanjin\smallSoftware\github\storageFiles\Mesmer3.0\Windows VC10\Mesmer\Debug\link.4500.read.1.tlog
D:\hetanjin\smallSoftware\github\storageFiles\Mesmer3.0\Windows VC10\Mesmer\Debug\link.4500.write.1.tlog
D:\hetanjin\smallSoftware\github\storageFiles\Mesmer3.0\Windows VC10\Mesmer\Debug\link.4500-cvtres.read.1.tlog
D:\hetanjin\smallSoftware\github\storageFiles\Mesmer3.0\Windows VC10\Mesmer\Debug\link.4500-cvtres.write.1.tlog
D:\hetanjin\smallSoftware\github\storageFiles\Mesmer3.0\Windows VC10\Mesmer\Debug\link.5528.read.1.tlog
D:\hetanjin\smallSoftware\github\storageFiles\Mesmer3.0\Windows VC10\Mesmer\Debug\link.5528.write.1.tlog
D:\hetanjin\smallSoftware\github\storageFiles\Mesmer3.0\Windows VC10\Mesmer\Debug\link.5528-cvtres.read.1.tlog
D:\hetanjin\smallSoftware\github\storageFiles\Mesmer3.0\Windows VC10\Mesmer\Debug\link.5528-cvtres.write.1.tlog
D:\hetanjin\smallSoftware\github\storageFiles\Mesmer3.0\Windows VC10\Mesmer\Debug\link.7732.read.1.tlog
D:\hetanjin\smallSoftware\github\storageFiles\Mesmer3.0\Windows VC10\Mesmer\Debug\link.7732.write.1.tlog
D:\hetanjin\smallSoftware\github\storageFiles\Mesmer3.0\Windows VC10\Mesmer\Debug\link.7732-cvtres.read.1.tlog
D:\hetanjin\smallSoftware\github\storageFiles\Mesmer3.0\Windows VC10\Mesmer\Debug\link.7732-cvtres.write.1.tlog
D:\hetanjin\smallSoftware\github\storageFiles\Mesmer3.0\Windows VC10\Mesmer\Debug\link.8996.read.1.tlog
D:\hetanjin\smallSoftware\github\storageFiles\Mesmer3.0\Windows VC10\Mesmer\Debug\link.8996.write.1.tlog
D:\hetanjin\smallSoftware\github\storageFiles\Mesmer3.0\Windows VC10\Mesmer\Debug\link.8996-cvtres.read.1.tlog
D:\hetanjin\smallSoftware\github\storageFiles\Mesmer3.0\Windows VC10\Mesmer\Debug\link.8996-cvtres.write.1.tlog
D:\hetanjin\smallSoftware\github\storageFiles\Mesmer3.0\Windows VC10\Mesmer\Debug\link.command.1.tlog
D:\hetanjin\smallSoftware\github\storageFiles\Mesmer3.0\Windows VC10\Mesmer\Debug\link.read.1.tlog
D:\hetanjin\smallSoftware\github\storageFiles\Mesmer3.0\Windows VC10\Mesmer\Debug\link.write.1.tlog
D:\hetanjin\smallSoftware\github\storageFiles\Mesmer3.0\Windows VC10\Mesmer\Debug\link-cvtres.read.1.tlog
D:\hetanjin\smallSoftware\github\storageFiles\Mesmer3.0\Windows VC10\Mesmer\Debug\link-cvtres.write.1.tlog
D:\HETANJIN\SMALLSOFTWARE\GITHUB\STORAGEFILES\MESMER3.0\WINDOWS VC10\MESMER\DEBUG\MAIN.OBJ
D:\HETANJIN\SMALLSOFTWARE\GITHUB\STORAGEFILES\MESMER3.0\WINDOWS VC10\MESMER\DEBUG\MARQUARDT.OBJ
D:\HETANJIN\SMALLSOFTWARE\GITHUB\STORAGEFILES\MESMER3.0\WINDOWS VC10\MESMER\DEBUG\MESMER.EXE.EMBED.MANIFEST
D:\HETANJIN\SMALLSOFTWARE\GITHUB\STORAGEFILES\MESMER3.0\WINDOWS VC10\MESMER\DEBUG\MESMER.EXE.EMBED.MANIFEST.RES
D:\HETANJIN\SMALLSOFTWARE\GITHUB\STORAGEFILES\MESMER3.0\WINDOWS VC10\MESMER\DEBUG\MESMER.EXE.INTERMEDIATE.MANIFEST
D:\hetanjin\smallSoftware\github\storageFiles\Mesmer3.0\Windows VC10\Mesmer\Debug\Mesmer.vcxprojResolveAssemblyReference.cache
D:\hetanjin\smallSoftware\github\storageFiles\Mesmer3.0\Windows VC10\Mesmer\Debug\Mesmer.write.1.tlog
D:\hetanjin\smallSoftware\github\storageFiles\Mesmer3.0\Windows VC10\Mesmer\Debug\Mesmer_manifest.rc
D:\HETANJIN\SMALLSOFTWARE\GITHUB\STORAGEFILES\MESMER3.0\WINDOWS VC10\MESMER\DEBUG\MESMERENV.OBJ
D:\HETANJIN\SMALLSOFTWARE\GITHUB\STORAGEFILES\MESMER3.0\WINDOWS VC10\MESMER\DEBUG\MESMERFLAGS.OBJ
D:\HETANJIN\SMALLSOFTWARE\GITHUB\STORAGEFILES\MESMER3.0\WINDOWS VC10\MESMER\DEBUG\MESMERILT.OBJ
D:\HETANJIN\SMALLSOFTWARE\GITHUB\STORAGEFILES\MESMER3.0\WINDOWS VC10\MESMER\DEBUG\MESMERMATH.OBJ
D:\HETANJIN\SMALLSOFTWARE\GITHUB\STORAGEFILES\MESMER3.0\WINDOWS VC10\MESMER\DEBUG\MESMERTOOLS.OBJ
D:\HETANJIN\SMALLSOFTWARE\GITHUB\STORAGEFILES\MESMER3.0\WINDOWS VC10\MESMER\DEBUG\MICRORATE.OBJ
D:\HETANJIN\SMALLSOFTWARE\GITHUB\STORAGEFILES\MESMER3.0\WINDOWS VC10\MESMER\DEBUG\MOLECULARCOMPONENTS.OBJ
D:\HETANJIN\SMALLSOFTWARE\GITHUB\STORAGEFILES\MESMER3.0\WINDOWS VC10\MESMER\DEBUG\MOLECULE.OBJ
D:\HETANJIN\SMALLSOFTWARE\GITHUB\STORAGEFILES\MESMER3.0\WINDOWS VC10\MESMER\DEBUG\MOLECULEMANAGER.OBJ
D:\HETANJIN\SMALLSOFTWARE\GITHUB\STORAGEFILES\MESMER3.0\WINDOWS VC10\MESMER\DEBUG\MORSE.OBJ
D:\hetanjin\smallSoftware\github\storageFiles\Mesmer3.0\Windows VC10\Mesmer\Debug\mt.command.1.tlog
D:\hetanjin\smallSoftware\github\storageFiles\Mesmer3.0\Windows VC10\Mesmer\Debug\mt.read.1.tlog
D:\hetanjin\smallSoftware\github\storageFiles\Mesmer3.0\Windows VC10\Mesmer\Debug\mt.write.1.tlog
D:\HETANJIN\SMALLSOFTWARE\GITHUB\STORAGEFILES\MESMER3.0\WINDOWS VC10\MESMER\DEBUG\PRIORDISTRIBUTION.OBJ
D:\HETANJIN\SMALLSOFTWARE\GITHUB\STORAGEFILES\MESMER3.0\WINDOWS VC10\MESMER\DEBUG\PSEUDOISOMERIZATIONREACTION.OBJ
D:\HETANJIN\SMALLSOFTWARE\GITHUB\STORAGEFILES\MESMER3.0\WINDOWS VC10\MESMER\DEBUG\QMROTOR.OBJ
D:\hetanjin\smallSoftware\github\storageFiles\Mesmer3.0\Windows VC10\Mesmer\Debug\rc.command.1.tlog
D:\hetanjin\smallSoftware\github\storageFiles\Mesmer3.0\Windows VC10\Mesmer\Debug\rc.read.1.tlog
D:\hetanjin\smallSoftware\github\storageFiles\Mesmer3.0\Windows VC10\Mesmer\Debug\rc.write.1.tlog
D:\HETANJIN\SMALLSOFTWARE\GITHUB\STORAGEFILES\MESMER3.0\WINDOWS VC10\MESMER\DEBUG\RDOUBLE.OBJ
D:\HETANJIN\SMALLSOFTWARE\GITHUB\STORAGEFILES\MESMER3.0\WINDOWS VC10\MESMER\DEBUG\REACTION.OBJ
D:\HETANJIN\SMALLSOFTWARE\GITHUB\STORAGEFILES\MESMER3.0\WINDOWS VC10\MESMER\DEBUG\REACTIONMANAGER.OBJ
D:\HETANJIN\SMALLSOFTWARE\GITHUB\STORAGEFILES\MESMER3.0\WINDOWS VC10\MESMER\DEBUG\SENSITIVITYANALYSIS.OBJ
D:\HETANJIN\SMALLSOFTWARE\GITHUB\STORAGEFILES\MESMER3.0\WINDOWS VC10\MESMER\DEBUG\SIMPLEBIMOLECULARSINK.OBJ
D:\HETANJIN\SMALLSOFTWARE\GITHUB\STORAGEFILES\MESMER3.0\WINDOWS VC10\MESMER\DEBUG\SIMPLECALC.OBJ
D:\HETANJIN\SMALLSOFTWARE\GITHUB\STORAGEFILES\MESMER3.0\WINDOWS VC10\MESMER\DEBUG\SIMPLEILT.OBJ
D:\HETANJIN\SMALLSOFTWARE\GITHUB\STORAGEFILES\MESMER3.0\WINDOWS VC10\MESMER\DEBUG\SIMPLERRKM.OBJ
D:\HETANJIN\SMALLSOFTWARE\GITHUB\STORAGEFILES\MESMER3.0\WINDOWS VC10\MESMER\DEBUG\SOBOL.OBJ
D:\HETANJIN\SMALLSOFTWARE\GITHUB\STORAGEFILES\MESMER3.0\WINDOWS VC10\MESMER\DEBUG\SPLINE.OBJ
D:\HETANJIN\SMALLSOFTWARE\GITHUB\STORAGEFILES\MESMER3.0\WINDOWS VC10\MESMER\DEBUG\SYSTEM.OBJ
D:\HETANJIN\SMALLSOFTWARE\GITHUB\STORAGEFILES\MESMER3.0\WINDOWS VC10\MESMER\DEBUG\THERMODYNAMICTABLE.OBJ
D:\HETANJIN\SMALLSOFTWARE\GITHUB\STORAGEFILES\MESMER3.0\WINDOWS VC10\MESMER\DEBUG\TIMECOUNTER.OBJ
D:\HETANJIN\SMALLSOFTWARE\GITHUB\STORAGEFILES\MESMER3.0\WINDOWS VC10\MESMER\DEBUG\TMATRIX.OBJ
D:\HETANJIN\SMALLSOFTWARE\GITHUB\STORAGEFILES\MESMER3.0\WINDOWS VC10\MESMER\DEBUG\UNITSCONVERSION.OBJ
D:\HETANJIN\SMALLSOFTWARE\GITHUB\STORAGEFILES\MESMER3.0\WINDOWS VC10\MESMER\DEBUG\UNITTESTS.OBJ
D:\hetanjin\smallSoftware\github\storageFiles\Mesmer3.0\Windows VC10\Mesmer\Debug\vc100.idb
D:\HETANJIN\SMALLSOFTWARE\GITHUB\STORAGEFILES\MESMER3.0\WINDOWS VC10\MESMER\DEBUG\VC100.PDB
D:\HETANJIN\SMALLSOFTWARE\GITHUB\STORAGEFILES\MESMER3.0\WINDOWS VC10\MESMER\DEBUG\VECTOR3.OBJ
D:\HETANJIN\SMALLSOFTWARE\GITHUB\STORAGEFILES\MESMER3.0\WINDOWS VC10\MESMER\DEBUG\WKBCROSSINGCOEFF.OBJ
D:\HETANJIN\SMALLSOFTWARE\GITHUB\STORAGEFILES\MESMER3.0\WINDOWS VC10\MESMER\DEBUG\WKBTUNNELLINGCOEFFICIENTS.OBJ
D:\HETANJIN\SMALLSOFTWARE\GITHUB\STORAGEFILES\MESMER3.0\WINDOWS VC10\MESMER\DEBUG\XMLPERSIST.OBJ
D:\HETANJIN\SMALLSOFTWARE\GITHUB\STORAGEFILES\MESMER3.0\WINDOWS VC10\MESMER\MESMER.EXE
D:\HETANJIN\SMALLSOFTWARE\GITHUB\STORAGEFILES\MESMER3.0\WINDOWS VC10\MESMER\MESMER.ILK
D:\HETANJIN\SMALLSOFTWARE\GITHUB\STORAGEFILES\MESMER3.0\WINDOWS VC10\MESMER\MESMER.PDB
