
            /|      /|                        \   
           / |     / | ________________________\  
          /  |    /  |  _   _             _   _   
         /   |   /   | / \ / \ |\     /| / \ / \  
        /    |  /    | \_/ \_  | \   / | \_/ |_/  
       /     | /     | /     \ |  \ /  | /   | \  
    \_/      |/      | \_/ \_/ |   V   | \_/ |  \ 

     Mesmer: Master Equation Solver for Multi-Energy well Reactions
     Mesmer v3.0 compiled: -- Jan 27 2014 -- 17:02:15

     Copyright (C) 2009-2013 by
     Struan H. Robertson, David R. Glowacki, Chi-Hsiu Liang,
     Chris Morley, Michael J. Pilling and contributors

     Mesmer is free software: you can redistribute it and/or modify
     it under the terms of the GNU Public License as published by
     the Free Software Foundation, either version 2 of the License,
     or (at your option) any later version.

     But WITHOUT ANY WARRANTY; without even the implied warranty of
     MERCHANTABILITY or FITNESS FOR A PARTICULAR PURPOSE.  See the
     GNU Public License for more details.

    You should have received a copy of the GNU Public License
    along with Mesmer.  If not, see <http://www.gnu.org/licenses/>.


Parsing input xml file...
ipropyl_reservoir.xml

In R1: Parsing reaction...
In i-propyl: The default value of me:frequenciesScaleFactor was used.
In i-propyl: Hindered rotor b1
Hindered rotor b2
The default value of me:DistributionCalcMethod was used.
In i-propyl: i-propyl:deltaEDown was given a range with 15 steps 
In R1: The default value of me:TInfinity was used.
In propene: The default value of me:frequenciesScaleFactor was used.
In propene: Hindered rotor b1
propene:ZPE was given a range with 401 steps 
In H: The default value of me:frequenciesScaleFactor was used.
In H: The default value of me:symmetryNumber was used.
In H: The default value of spinMultiplicity (or one of its attributes) was used.
In H: The default value of me:DOSCMethod was used.
In R1: No tunneling method used for R1
In R1: No crossing method used for R1
All molecules are on the same energy basis: arbitary
The default value of precision (or one of its attributes) was used.
3e+17PPCC, 720K at d precision with He
The default value of precision (or one of its attributes) was used.
3.01e+17PPCC, 730K at d precision with He
Write metadata 20140127_170405

File: "ipropyl_reservoir.xml" successfully parsed.
Main Calculation begins
Number of grains produced is not equal to that requested
Number of grains requested: 186
Number of grains produced : 1
In FastLaplaceConvolution: 100 values in the FFT convolution routine were replaced by standard convolution
Unimolecular ILT calculation completed
Number of grains produced is not equal to that requested
Number of grains requested: 187
Number of grains produced : 1
Unimolecular ILT calculation completed
Finish Calculation of P-T case
 -- Total time elapsed: 0 seconds.

System saved to mesmer_out.xml
