
            /|      /|                        \   
           / |     / | ________________________\  
          /  |    /  |  _   _             _   _   
         /   |   /   | / \ / \ |\     /| / \ / \  
        /    |  /    | \_/ \_  | \   / | \_/ |_/  
       /     | /     | /     \ |  \ /  | /   | \  
    \_/      |/      | \_/ \_/ |   V   | \_/ |  \ 

     Mesmer: Master Equation Solver for Multi-Energy well Reactions
     Mesmer v3.0 compiled: -- Jan 26 2014 -- 22:37:32

     Copyright (C) 2009-2013 by
     Struan H. Robertson, David R. Glowacki, Chi-Hsiu Liang,
     Chris Morley, Michael J. Pilling and contributors

     Mesmer is free software: you can redistribute it and/or modify
     it under the terms of the GNU Public License as published by
     the Free Software Foundation, either version 2 of the License,
     or (at your option) any later version.

     But WITHOUT ANY WARRANTY; without even the implied warranty of
     MERCHANTABILITY or FITNESS FOR A PARTICULAR PURPOSE.  See the
     GNU Public License for more details.

    You should have received a copy of the GNU Public License
    along with Mesmer.  If not, see <http://www.gnu.org/licenses/>.


Parsing input xml file...
Chebyshev.xml

In R1: Parsing reaction...
In CH3OCH2: The default value of me:DOSCMethod was used.
In IM1: Hindered rotor b5
Hindered rotor b4
Hindered rotor b5
Hindered rotor b4
Hindered rotor b8
The default value of me:DistributionCalcMethod was used.
In R1: The default value of me:TInfinity was used.
In R1: No tunneling method used for R1
In R1: No crossing method used for R1
In R1: Not a unimolecular reaction: look for excess reactant concentration.
In R2: Parsing reaction...
In IM2: Hindered rotor b1
Hindered rotor b2
Hindered rotor b3
Hindered rotor b4
The default value of me:DistributionCalcMethod was used.
In R2: No crossing method used for R2
In R3: Parsing reaction...
In CH2O: Could not find CH2O in ../../librarymols.xml
In TS5: The default value of me:frequenciesScaleFactor was used.
In TS5: The default value of me:DOSCMethod was used.
In R3: Hindered rotor b1
Hindered rotor b2
Hindered rotor b3
No tunneling method used for R3
In R3: No crossing method used for R3
In R4: Parsing reaction...
In R4: No tunneling method used for R4
In R4: No crossing method used for R4
In R5: Parsing reaction...
In cycCH2OCH2O: Could not find cycCH2OCH2O in ../../librarymols.xml
In R5: No tunneling method used for R5
In R5: No crossing method used for R5
All molecules are on the same energy basis: arbitary
No pressure and temperature specified.
Write metadata 20140127_233130

File: "Chebyshev.xml" successfully parsed.
Main Calculation begins
In FastLaplaceConvolution: 840 values in the FFT convolution routine were replaced by standard convolution
In FastLaplaceConvolution: 900 values in the FFT convolution routine were replaced by standard convolution
Association ILT calculation completed
In FastLaplaceConvolution: 4220 values in the FFT convolution routine were replaced by standard convolution
units(length = 'cm', quantity = 'molecule')

chebyshev_reaction('CH3OCH2 + O2 => IM1',
                   Tmin=   200, Tmax=  1000,
                   Pmin=(1e+017, 'PPCC'), Pmax=(1e+020, 'PPCC'), 
                   coeffs=[[       -11.799,      0.837233,     -0.269663,     0.0653303],
                           [       1.04191,     -0.646683,     0.0544099,     0.0307679],
                           [     -0.420769,       0.18396,     0.0520871,    -0.0273059],
                           [      0.163365,   -0.00512965,    -0.0500835,     0.0128503],
                           [    -0.0532416,    -0.0361636,      0.028847,   -0.00704179],
                           [     0.0123416,     0.0308917,    -0.0144645,    0.00584783]])

chebyshev_reaction('CH3OCH2 + O2 => IM2',
                   Tmin=   200, Tmax=  1000,
                   Pmin=(1e+017, 'PPCC'), Pmax=(1e+020, 'PPCC'), 
                   coeffs=[[      -13.2929,      0.603259,     -0.437476,    -0.0109087],
                           [      0.614985,     -0.393533,     -0.125353,    0.00901632],
                           [     -0.440134,      0.333121,    -0.0646168,     0.0224404],
                           [      0.225533,     -0.105753,    -0.0327438,     0.0453683],
                           [    -0.0922452,    0.00181763,      0.047467,    -0.0152561],
                           [     0.0292498,     0.0244956,    -0.0270091,      -0.01375]])

chebyshev_reaction('CH3OCH2 + O2 => OH-1 + CH2O + CH2O',
                   Tmin=   200, Tmax=  1000,
                   Pmin=(1e+017, 'PPCC'), Pmax=(1e+020, 'PPCC'), 
                   coeffs=[[       -12.221,      -1.10657,     -0.258033,   0.000354854],
                           [    -0.0640217,      -0.85676,     -0.125029,     0.0210926],
                           [     -0.158375,         0.173,     0.0616411,  -0.000834325],
                           [      0.114448,   -0.00112537,    -0.0168959,   -0.00296624],
                           [    -0.0499168,    -0.0168397,    0.00165582,    0.00258849],
                           [      0.017021,    0.00930254,    0.00123509,    -0.0013153]])

chebyshev_reaction('CH3OCH2 + O2 => OH-2 + CH2O + CH2O',
                   Tmin=   200, Tmax=  1000,
                   Pmin=(1e+017, 'PPCC'), Pmax=(1e+020, 'PPCC'), 
                   coeffs=[[      -17.3761,     -0.897406,     -0.215837,    -0.0105663],
                           [      -1.23143,     -0.815128,     -0.143861,    0.00994801],
                           [    -0.0378278,     0.0997224,     0.0542956,    0.00647064],
                           [     0.0682242,     0.0236052,   -0.00767369,   -0.00555337],
                           [    -0.0266397,    -0.0198894,   -0.00357082,    0.00219203],
                           [    0.00672551,    0.00776716,    0.00327545,  -0.000184615]])

chebyshev_reaction('CH3OCH2 + O2 => OH-3 + cycCH2OCH2O',
                   Tmin=   200, Tmax=  1000,
                   Pmin=(1e+017, 'PPCC'), Pmax=(1e+020, 'PPCC'), 
                   coeffs=[[      -18.0542,     -0.861295,     -0.216054,    -0.0117041],
                           [      -1.36881,      -0.78434,     -0.147371,    0.00897528],
                           [    -0.0472599,     0.0960937,     0.0531724,    0.00703042],
                           [     0.0660385,     0.0236292,   -0.00680259,   -0.00569891],
                           [    -0.0258271,    -0.0195636,   -0.00387651,    0.00204753],
                           [    0.00655543,    0.00749999,    0.00329715, -6.91155e-005]])

chebyshev_reaction('IM1 => CH3OCH2 + O2',
                   Tmin=   200, Tmax=  1000,
                   Pmin=(1e+017, 'PPCC'), Pmax=(1e+020, 'PPCC'), 
                   coeffs=[[       -8.1672,      0.837233,     -0.269663,     0.0653303],
                           [      -14.1297,     -0.646683,     0.0544099,     0.0307679],
                           [     -0.508432,       0.18396,     0.0520871,    -0.0273059],
                           [      0.193005,   -0.00512965,    -0.0500835,     0.0128503],
                           [    -0.0611514,    -0.0361636,      0.028847,   -0.00704179],
                           [     0.0141879,     0.0308917,    -0.0144645,    0.00584783]])

chebyshev_reaction('IM1 => IM2',
                   Tmin=   200, Tmax=  1000,
                   Pmin=(1e+017, 'PPCC'), Pmax=(1e+020, 'PPCC'), 
                   coeffs=[[     -0.061705,      0.374514,     -0.099848,    0.00436288],
                           [      -5.49093,     -0.545324,      0.116585,      0.011082],
                           [   -0.00234402,      0.242096,    -0.0130626,    -0.0250925],
                           [     0.0955167,    -0.0512182,    -0.0351295,     0.0212088],
                           [    -0.0466421,    -0.0208469,     0.0365595,   -0.00516721],
                           [    0.00925786,     0.0296316,    -0.0190299,    -0.0108735]])

chebyshev_reaction('IM1 => OH-1 + CH2O + CH2O',
                   Tmin=   200, Tmax=  1000,
                   Pmin=(1e+017, 'PPCC'), Pmax=(1e+020, 'PPCC'), 
                   coeffs=[[      -5.02274,     -0.283038,     -0.239289,  -0.000453069],
                           [       -11.316,     -0.726485,    -0.0426833,     0.0179805],
                           [      -0.37349,       0.22531,     0.0397313,    0.00200251],
                           [      0.209021,    -0.0259957,     -0.020641,    0.00322047],
                           [    -0.0751007,    -0.0093967,  -0.000565951,   0.000446526],
                           [     0.0214438,   -0.00507137,     0.0164937,     -0.009891]])

chebyshev_reaction('IM1 => OH-2 + CH2O + CH2O',
                   Tmin=   200, Tmax=  1000,
                   Pmin=(1e+017, 'PPCC'), Pmax=(1e+020, 'PPCC'), 
                   coeffs=[[       -13.251,       1.03265,     -0.384056,     0.0327819],
                           [      -14.3495,     -0.628448,    -0.0651209,      0.028634],
                           [     -0.524375,      0.266334,     0.0887498,    -0.0212338],
                           [       0.26793,      0.140386,    -0.0524931,     0.0377799],
                           [  -0.000235655,     0.0419267,     0.0338856,    -0.0145107],
                           [      0.049853,     0.0800905,     0.0106916,    -0.0132428]])

chebyshev_reaction('IM1 => OH-3 + cycCH2OCH2O',
                   Tmin=   200, Tmax=  1000,
                   Pmin=(1e+017, 'PPCC'), Pmax=(1e+020, 'PPCC'), 
                   coeffs=[[      -14.1414,       1.19075,     -0.425583,     0.0281709],
                           [      -14.5898,     -0.553273,     -0.117456,     0.0156889],
                           [     -0.506808,      0.270831,     0.0725342,    -0.0664237],
                           [      0.289583,      0.189538,    -0.0955001,    0.00647236],
                           [     0.0368509,     0.0555026,     0.0220062,    -0.0596039],
                           [     0.0680838,       0.11309,     -0.012458,    -0.0410213]])

chebyshev_reaction('IM2 => CH3OCH2 + O2',
                   Tmin=   200, Tmax=  1000,
                   Pmin=(1e+017, 'PPCC'), Pmax=(1e+020, 'PPCC'), 
                   coeffs=[[      -3.58726,      0.603259,     -0.437476,    -0.0109087],
                           [      -9.92555,     -0.393533,     -0.125353,    0.00901632],
                           [      -0.64011,      0.333121,    -0.0646168,     0.0224404],
                           [      0.289214,     -0.105753,    -0.0327438,     0.0453683],
                           [     -0.109242,    0.00181763,      0.047467,    -0.0152561],
                           [     0.0326887,     0.0244956,    -0.0270091,      -0.01375]])

chebyshev_reaction('IM2 => IM1',
                   Tmin=   200, Tmax=  1000,
                   Pmin=(1e+017, 'PPCC'), Pmax=(1e+020, 'PPCC'), 
                   coeffs=[[       6.01216,      0.374514,     -0.099848,    0.00436288],
                           [     -0.859838,     -0.545324,      0.116585,      0.011082],
                           [     -0.114658,      0.242096,    -0.0130626,    -0.0250925],
                           [      0.129558,    -0.0512182,    -0.0351295,     0.0212088],
                           [    -0.0557292,    -0.0208469,     0.0365595,   -0.00516721],
                           [     0.0108505,     0.0296316,    -0.0190299,    -0.0108735]])

chebyshev_reaction('IM2 => OH-1 + CH2O + CH2O',
                   Tmin=   200, Tmax=  1000,
                   Pmin=(1e+017, 'PPCC'), Pmax=(1e+020, 'PPCC'), 
                   coeffs=[[      0.838067,       1.07256,     -0.159658,    -0.0779013],
                           [      -6.87196,      0.208362,     -0.295756,    -0.0181616],
                           [     -0.342625,      0.041155,    -0.0596252,      0.113176],
                           [      0.279047,     -0.181389,      0.121765,    -0.0388791],
                           [     -0.134596,     0.0895662,    -0.0182499,    -0.0284164],
                           [    0.00551129,     0.0504226,    -0.0747783,     0.0446273]])

chebyshev_reaction('IM2 => OH-2 + CH2O + CH2O',
                   Tmin=   200, Tmax=  1000,
                   Pmin=(1e+017, 'PPCC'), Pmax=(1e+020, 'PPCC'), 
                   coeffs=[[      -7.72995,       2.03916,     -0.141731,    -0.0181568],
                           [      -10.1311,      0.139534,    -0.0620101,     -0.142664],
                           [     -0.579487,     0.0446316,      -0.17755,     0.0806212],
                           [      0.301222,     -0.163085,      0.118263,     0.0090249],
                           [     -0.136132,     0.0937178,    0.00733607,    -0.0414851],
                           [    0.00585381,      0.053229,     -0.104241,     0.0463832]])

chebyshev_reaction('IM2 => OH-3 + cycCH2OCH2O',
                   Tmin=   200, Tmax=  1000,
                   Pmin=(1e+017, 'PPCC'), Pmax=(1e+020, 'PPCC'), 
                   coeffs=[[      -8.64946,       2.15052,     -0.140385,   -0.00558835],
                           [      -10.3809,      0.136616,    -0.0177196,     -0.149914],
                           [     -0.604821,     0.0564456,     -0.193446,     0.0838051],
                           [      0.290513,     -0.138109,     0.0937929,     0.0264721],
                           [     -0.138809,      0.100012,    0.00429407,    -0.0389037],
                           [     0.0035796,     0.0562214,     -0.107296,     0.0487237]])

 -- Total time elapsed: 69 seconds.

System saved to mesmer_out.xml
