
            /|      /|                        \   
           / |     / | ________________________\  
          /  |    /  |  _   _             _   _   
         /   |   /   | / \ / \ |\     /| / \ / \  
        /    |  /    | \_/ \_  | \   / | \_/ |_/  
       /     | /     | /     \ |  \ /  | /   | \  
    \_/      |/      | \_/ \_/ |   V   | \_/ |  \ 

     Mesmer: Master Equation Solver for Multi-Energy well Reactions
     Mesmer v3.0 compiled: -- Jan 26 2014 -- 22:37:32

     Copyright (C) 2009-2013 by
     Struan H. Robertson, David R. Glowacki, Chi-Hsiu Liang,
     Chris Morley, Michael J. Pilling and contributors

     Mesmer is free software: you can redistribute it and/or modify
     it under the terms of the GNU Public License as published by
     the Free Software Foundation, either version 2 of the License,
     or (at your option) any later version.

     But WITHOUT ANY WARRANTY; without even the implied warranty of
     MERCHANTABILITY or FITNESS FOR A PARTICULAR PURPOSE.  See the
     GNU Public License for more details.

    You should have received a copy of the GNU Public License
    along with Mesmer.  If not, see <http://www.gnu.org/licenses/>.


Parsing input xml file...
ChebyshevCK.xml

In R1: Parsing reaction...
In CH3OCH2: The default value of me:DOSCMethod was used.
In IM1: Hindered rotor b5
Hindered rotor b4
Hindered rotor b5
Hindered rotor b4
Hindered rotor b8
The default value of me:DistributionCalcMethod was used.
In R1: The default value of me:TInfinity was used.
In R1: No tunneling method used for R1
In R1: No crossing method used for R1
In R1: Not a unimolecular reaction: look for excess reactant concentration.
In R2: Parsing reaction...
In IM2: Hindered rotor b1
Hindered rotor b2
Hindered rotor b3
Hindered rotor b4
The default value of me:DistributionCalcMethod was used.
In R2: No crossing method used for R2
In R3: Parsing reaction...
In TS5: The default value of me:frequenciesScaleFactor was used.
In TS5: The default value of me:DOSCMethod was used.
In R3: Hindered rotor b1
Hindered rotor b2
Hindered rotor b3
No tunneling method used for R3
In R3: No crossing method used for R3
In R4: Parsing reaction...
In R4: No tunneling method used for R4
In R4: No crossing method used for R4
In R5: Parsing reaction...
In R5: No tunneling method used for R5
In R5: No crossing method used for R5
All molecules are on the same energy basis: arbitary
No pressure and temperature specified.
Write metadata 20140127_233239

File: "ChebyshevCK.xml" successfully parsed.
Main Calculation begins
In FastLaplaceConvolution: 840 values in the FFT convolution routine were replaced by standard convolution
In FastLaplaceConvolution: 900 values in the FFT convolution routine were replaced by standard convolution
Association ILT calculation completed
In FastLaplaceConvolution: 4220 values in the FFT convolution routine were replaced by standard convolution

REACTIONS MOLES

CH3OCH2 + O2 => IM1 (+M)  1.00  0.0  0.0
! Data generated by MESMER 3.0 on Jan 26 2014.
    TCHEB/            200          1000/
    PCHEB/          0.001            10/
    CHEB/     6     4/
    CHEB/        11.483        1.5657     -0.580504      0.156846/
    CHEB/       1.41691      -1.05646     0.0641196     0.0960783/
    CHEB/     -0.412188      0.028354      0.261432     -0.131536/
    CHEB/     0.0694516      0.220352      -0.21209     0.0694077/
    CHEB/   -0.00223075     -0.139925     0.0665313    0.00981145/
    CHEB/    0.00904084     0.0312965     0.0252026    -0.0506528/

CH3OCH2 + O2 => IM2 (+M)  1.00  0.0  0.0
! Data generated by MESMER 3.0 on Jan 26 2014.
    TCHEB/            200          1000/
    PCHEB/          0.001            10/
    CHEB/     6     4/
    CHEB/       10.0742      0.960808     -0.633176    -0.0492367/
    CHEB/       0.75415     -0.745576     -0.289309     0.0958141/
    CHEB/     -0.576416      0.446201    -0.0296364     0.0114337/
    CHEB/      0.206988    0.00676734      -0.12797     0.0772534/
    CHEB/     -0.076139    -0.0501905      0.058551    0.00986998/
    CHEB/     0.0328931     0.0208941   -0.00847889    -0.0256612/

CH3OCH2 + O2 => OH-1 (+M)  1.00  0.0  0.0
! Data generated by MESMER 3.0 on Jan 26 2014.
    TCHEB/            200          1000/
    PCHEB/          0.001            10/
    CHEB/     6     4/
    CHEB/        11.441      -1.38034     -0.410444   -0.00505207/
    CHEB/     -0.246996      -1.20563     -0.241685      0.052629/
    CHEB/     -0.184716      0.168924      0.113252     0.0158339/
    CHEB/      0.130712      0.028154    -0.0169268     -0.013815/
    CHEB/    -0.0540593    -0.0283425   -0.00559724    0.00458303/
    CHEB/     0.0170551     0.0114328     0.0049868  -0.000994358/

CH3OCH2 + O2 => OH-2 (+M)  1.00  0.0  0.0
! Data generated by MESMER 3.0 on Jan 26 2014.
    TCHEB/            200          1000/
    PCHEB/          0.001            10/
    CHEB/     6     4/
    CHEB/       6.29085      -1.15976      -0.34784    -0.0222822/
    CHEB/      -1.39695      -1.14159     -0.263099     0.0205655/
    CHEB/    -0.0681395     0.0809833     0.0881425       0.02556/
    CHEB/     0.0823919     0.0522083   0.000547825    -0.0111092/
    CHEB/    -0.0290641    -0.0281242    -0.0114826    0.00133898/
    CHEB/    0.00627398    0.00833599    0.00600027     0.0011273/

CH3OCH2 + O2 => OH-3 (+M)  1.00  0.0  0.0
! Data generated by MESMER 3.0 on Jan 26 2014.
    TCHEB/            200          1000/
    PCHEB/          0.001            10/
    CHEB/     6     4/
    CHEB/       5.61133      -1.11707      -0.34765    -0.0251717/
    CHEB/      -1.53445      -1.10314     -0.268549     0.0172278/
    CHEB/    -0.0769043      0.076821     0.0847659     0.0263103/
    CHEB/     0.0801098     0.0514316    0.00185007     -0.010768/
    CHEB/    -0.0282182    -0.0275395    -0.0116411    0.00102246/
    CHEB/    0.00610337     0.0080238    0.00589099      0.001284/

IM1 => CH3OCH2 + O2 (+M)  1.00  0.0  0.0
! Data generated by MESMER 3.0 on Jan 26 2014.
    TCHEB/            200          1000/
    PCHEB/          0.001            10/
    CHEB/     6     4/
    CHEB/      -8.66498        1.5657     -0.580504      0.156846/
    CHEB/      -13.7547      -1.05646     0.0641196     0.0960783/
    CHEB/      -0.49985      0.028354      0.261432     -0.131536/
    CHEB/     0.0990916      0.220352      -0.21209     0.0694077/
    CHEB/    -0.0101406     -0.139925     0.0665313    0.00981145/
    CHEB/     0.0108872     0.0312965     0.0252026    -0.0506528/

IM1 => IM2 (+M)  1.00  0.0  0.0
! Data generated by MESMER 3.0 on Jan 26 2014.
    TCHEB/            200          1000/
    PCHEB/          0.001            10/
    CHEB/     6     4/
    CHEB/     -0.258242      0.622325     -0.148508   -0.00184459/
    CHEB/      -5.21394     -0.865168      0.142458      0.035294/
    CHEB/     -0.106794      0.322834     0.0234717    -0.0377092/
    CHEB/     0.0995661    -0.0141612    -0.0741805     0.0169514/
    CHEB/    -0.0321843    -0.0563482     0.0433454    0.00606035/
    CHEB/     0.0135103     0.0197971    0.00514521    -0.0213675/

IM1 => OH-1 (+M)  1.00  0.0  0.0
! Data generated by MESMER 3.0 on Jan 26 2014.
    TCHEB/            200          1000/
    PCHEB/          0.001            10/
    CHEB/     6     4/
    CHEB/      -5.22504     -0.246706      -0.35898    -0.0109216/
    CHEB/      -11.2395      -1.11232    -0.0670313     0.0445505/
    CHEB/     -0.449428      0.289597      0.084874  -0.000242868/
    CHEB/      0.244706    -0.0306353    -0.0166353    -0.0145237/
    CHEB/     -0.103435     0.0169928    -0.0293591     0.0236098/
    CHEB/     0.0294576   -0.00546028     0.0107208    0.00790862/

IM1 => OH-2 (+M)  1.00  0.0  0.0
! Data generated by MESMER 3.0 on Jan 26 2014.
    TCHEB/            200          1000/
    PCHEB/          0.001            10/
    CHEB/     6     4/
    CHEB/      -13.7733       1.69813     -0.692999     0.0127255/
    CHEB/       -14.073     -0.865745     -0.250469     0.0393022/
    CHEB/     -0.358713     -0.040419      0.459721     -0.227887/
    CHEB/      0.153217      0.514571     -0.205408     0.0345368/
    CHEB/     0.0878772     -0.104548      0.123343   -0.00500717/
    CHEB/    0.00900093      0.139219     0.0161446    -0.0237049/

IM1 => OH-3 (+M)  1.00  0.0  0.0
! Data generated by MESMER 3.0 on Jan 26 2014.
    TCHEB/            200          1000/
    PCHEB/          0.001            10/
    CHEB/     6     4/
    CHEB/      -14.6223       1.83388     -0.719763    -0.0407797/
    CHEB/      -14.2699     -0.741756     -0.414703     0.0429784/
    CHEB/     -0.265525     -0.113583      0.404037     -0.246752/
    CHEB/      0.237085       0.45067     -0.211431    -0.0457765/
    CHEB/      0.140152     -0.133326     0.0517946     0.0252262/
    CHEB/     0.0204738       0.14051    -0.0248837    -0.0306888/

IM2 => CH3OCH2 + O2 (+M)  1.00  0.0  0.0
! Data generated by MESMER 3.0 on Jan 26 2014.
    TCHEB/            200          1000/
    PCHEB/          0.001            10/
    CHEB/     6     4/
    CHEB/      -3.99992      0.960808     -0.633176    -0.0492367/
    CHEB/      -9.78639     -0.745576     -0.289309     0.0958141/
    CHEB/     -0.776392      0.446201    -0.0296364     0.0114337/
    CHEB/      0.270669    0.00676734      -0.12797     0.0772534/
    CHEB/    -0.0931359    -0.0501905      0.058551    0.00986998/
    CHEB/      0.036332     0.0208941   -0.00847889    -0.0256612/

IM2 => IM1 (+M)  1.00  0.0  0.0
! Data generated by MESMER 3.0 on Jan 26 2014.
    TCHEB/            200          1000/
    PCHEB/          0.001            10/
    CHEB/     6     4/
    CHEB/       5.81562      0.622325     -0.148508   -0.00184459/
    CHEB/     -0.582847     -0.865168      0.142458      0.035294/
    CHEB/     -0.219108      0.322834     0.0234717    -0.0377092/
    CHEB/      0.133607    -0.0141612    -0.0741805     0.0169514/
    CHEB/    -0.0412714    -0.0563482     0.0433454    0.00606035/
    CHEB/     0.0151029     0.0197971    0.00514521    -0.0213675/

IM2 => OH-1 (+M)  1.00  0.0  0.0
! Data generated by MESMER 3.0 on Jan 26 2014.
    TCHEB/            200          1000/
    PCHEB/          0.001            10/
    CHEB/     6     4/
    CHEB/      0.691507       1.20825     -0.105917     -0.148175/
    CHEB/      -6.72845      0.118403     -0.272038      -0.14074/
    CHEB/     -0.562671       0.34462     -0.265067      0.190705/
    CHEB/      0.344432     -0.227278      0.103088     0.0637788/
    CHEB/    -0.0520068     -0.103197      0.152407     -0.149536/
    CHEB/   -0.00966762     0.0833053    -0.0684731    -0.0246753/

IM2 => OH-2 (+M)  1.00  0.0  0.0
! Data generated by MESMER 3.0 on Jan 26 2014.
    TCHEB/            200          1000/
    PCHEB/          0.001            10/
    CHEB/     6     4/
    CHEB/      -8.16581        2.6779     -0.246062     -0.124419/
    CHEB/      -9.73644     -0.113679     -0.190418    -0.0236611/
    CHEB/     -0.769615      0.181656     -0.210159     0.0037115/
    CHEB/      0.287264    -0.0328603    -0.0624142       0.21266/
    CHEB/    -0.0881703   -0.00441019     0.0980297     -0.115871/
    CHEB/    -0.0175979     0.0553907    -0.0555747    -0.0202333/

IM2 => OH-3 (+M)  1.00  0.0  0.0
! Data generated by MESMER 3.0 on Jan 26 2014.
    TCHEB/            200          1000/
    PCHEB/          0.001            10/
    CHEB/     6     4/
    CHEB/      -9.07642       2.77638     -0.198089     -0.167126/
    CHEB/      -9.98794    -0.0743256     -0.198382     0.0089652/
    CHEB/     -0.773518      0.140197     -0.177441    -0.0242481/
    CHEB/      0.252447     0.0297821     -0.105234      0.230822/
    CHEB/      -0.12995     0.0867576     0.0106132     -0.047335/
    CHEB/    -0.0265143     0.0670722    -0.0627998    -0.0145367/

 -- Total time elapsed: 70 seconds.

System saved to mesmer_out.xml
