
            /|      /|                        \   
           / |     / | ________________________\  
          /  |    /  |  _   _             _   _   
         /   |   /   | / \ / \ |\     /| / \ / \  
        /    |  /    | \_/ \_  | \   / | \_/ |_/  
       /     | /     | /     \ |  \ /  | /   | \  
    \_/      |/      | \_/ \_/ |   V   | \_/ |  \ 

     Mesmer: Master Equation Solver for Multi-Energy well Reactions
     Mesmer v3.0 compiled: -- Dec 16 2013 -- 09:30:22

     Copyright (C) 2009-2013 by
     Struan H. Robertson, David R. Glowacki, Chi-Hsiu Liang,
     Chris Morley, Michael J. Pilling and contributors

     Mesmer is free software: you can redistribute it and/or modify
     it under the terms of the GNU Public License as published by
     the Free Software Foundation, either version 2 of the License,
     or (at your option) any later version.

     But WITHOUT ANY WARRANTY; without even the implied warranty of
     MERCHANTABILITY or FITNESS FOR A PARTICULAR PURPOSE.  See the
     GNU Public License for more details.

    You should have received a copy of the GNU Public License
    along with Mesmer.  If not, see <http://www.gnu.org/licenses/>.


Parsing input xml file...
OH_NO_HONO.xml

In R1: Parsing reaction...
In OH: OH copied from ../../librarymols.xml
In OH: The default value of me:frequenciesScaleFactor was used.
In OH: New me:ZPE element written with data from me:Hf298
In NO: NO copied from ../../librarymols.xml
In NO: The default value of me:frequenciesScaleFactor was used.
In NO: The default value of me:DOSCMethod was used.
In NO: New me:ZPE element written with data from me:Hf298
In HONO: Hindered rotor b2 replacing vib freq 543
New me:ZPE element written with data from me:Hf298
In HONO: The default value of me:DistributionCalcMethod was used.
In HONO: The default value of me:energyTransferModel was used.
In HONO: HONO:deltaEDown was given a range with 451 steps 
In R1: R1:preExponential was given a range with 82 steps 
In R1: The default value of me:TInfinity was used.
In R1: No tunneling method used for R1
In R1: No crossing method used for R1
In R1: Not a unimolecular reaction: look for excess reactant concentration.
All molecules are on the same energy basis: computational
3.2e+21PPCC, 295K at d precision with He
2.3e+21PPCC, 295K at d precision with He
1.6e+21PPCC, 295K at d precision with He
1.2e+21PPCC, 295K at d precision with He
7.6e+20PPCC, 295K at d precision with He
3.4e+20PPCC, 295K at d precision with He
1.7e+20PPCC, 295K at d precision with He
9.6e+19PPCC, 295K at d precision with He
6.57e+16PPCC, 294K at d precision with He
1.64e+17PPCC, 294K at d precision with He
2.63e+17PPCC, 294K at d precision with He
3.28e+17PPCC, 294K at d precision with He
8.5e+17PPCC, 296K at d precision with He
6.57e+16PPCC, 294K at d precision with He
1.64e+17PPCC, 294K at d precision with He
2.63e+17PPCC, 294K at d precision with He
3.28e+17PPCC, 294K at d precision with He
Write metadata 20131216_103230

File: "OH_NO_HONO.xml" successfully parsed.
Main Calculation begins
Number of grains produced is not equal to that requested
Number of grains requested: 858
Number of grains produced : 197
In FastLaplaceConvolution: 20 values in the FFT convolution routine were replaced by standard convolution
Association ILT calculation completed
In timeEvolution: No population was assigned. Initialize the first source term to 1.0.
In timeEvolution: No population was assigned. Initialize the first source term to 1.0.
In timeEvolution: No population was assigned. Initialize the first source term to 1.0.
In timeEvolution: No population was assigned. Initialize the first source term to 1.0.
In timeEvolution: No population was assigned. Initialize the first source term to 1.0.
In timeEvolution: No population was assigned. Initialize the first source term to 1.0.
In timeEvolution: No population was assigned. Initialize the first source term to 1.0.
In timeEvolution: No population was assigned. Initialize the first source term to 1.0.
In timeEvolution: No population was assigned. Initialize the first source term to 1.0.
In timeEvolution: No population was assigned. Initialize the first source term to 1.0.
In timeEvolution: No population was assigned. Initialize the first source term to 1.0.
In timeEvolution: No population was assigned. Initialize the first source term to 1.0.
In timeEvolution: No population was assigned. Initialize the first source term to 1.0.
In timeEvolution: No population was assigned. Initialize the first source term to 1.0.
In timeEvolution: No population was assigned. Initialize the first source term to 1.0.
In timeEvolution: No population was assigned. Initialize the first source term to 1.0.
In timeEvolution: No population was assigned. Initialize the first source term to 1.0.
Finish Calculation of P-T case

Chi^2 = 202.115 Lambda = 1
HONO:deltaEDown=58  R1:preExponential=6.78e-11  
Association ILT calculation completed
In timeEvolution: No population was assigned. Initialize the first source term to 1.0.
In timeEvolution: No population was assigned. Initialize the first source term to 1.0.
In timeEvolution: No population was assigned. Initialize the first source term to 1.0.
In timeEvolution: No population was assigned. Initialize the first source term to 1.0.
In timeEvolution: No population was assigned. Initialize the first source term to 1.0.
In timeEvolution: No population was assigned. Initialize the first source term to 1.0.
In timeEvolution: No population was assigned. Initialize the first source term to 1.0.
In timeEvolution: No population was assigned. Initialize the first source term to 1.0.
In timeEvolution: No population was assigned. Initialize the first source term to 1.0.
In timeEvolution: No population was assigned. Initialize the first source term to 1.0.
In timeEvolution: No population was assigned. Initialize the first source term to 1.0.
In timeEvolution: No population was assigned. Initialize the first source term to 1.0.
In timeEvolution: No population was assigned. Initialize the first source term to 1.0.
In timeEvolution: No population was assigned. Initialize the first source term to 1.0.
In timeEvolution: No population was assigned. Initialize the first source term to 1.0.
In timeEvolution: No population was assigned. Initialize the first source term to 1.0.
In timeEvolution: No population was assigned. Initialize the first source term to 1.0.
Finish Calculation of P-T case
Association ILT calculation completed
In timeEvolution: No population was assigned. Initialize the first source term to 1.0.
In timeEvolution: No population was assigned. Initialize the first source term to 1.0.
In timeEvolution: No population was assigned. Initialize the first source term to 1.0.
In timeEvolution: No population was assigned. Initialize the first source term to 1.0.
In timeEvolution: No population was assigned. Initialize the first source term to 1.0.
In timeEvolution: No population was assigned. Initialize the first source term to 1.0.
In timeEvolution: No population was assigned. Initialize the first source term to 1.0.
In timeEvolution: No population was assigned. Initialize the first source term to 1.0.
In timeEvolution: No population was assigned. Initialize the first source term to 1.0.
In timeEvolution: No population was assigned. Initialize the first source term to 1.0.
In timeEvolution: No population was assigned. Initialize the first source term to 1.0.
In timeEvolution: No population was assigned. Initialize the first source term to 1.0.
In timeEvolution: No population was assigned. Initialize the first source term to 1.0.
In timeEvolution: No population was assigned. Initialize the first source term to 1.0.
In timeEvolution: No population was assigned. Initialize the first source term to 1.0.
In timeEvolution: No population was assigned. Initialize the first source term to 1.0.
In timeEvolution: No population was assigned. Initialize the first source term to 1.0.
Finish Calculation of P-T case
Association ILT calculation completed
In timeEvolution: No population was assigned. Initialize the first source term to 1.0.
In timeEvolution: No population was assigned. Initialize the first source term to 1.0.
In timeEvolution: No population was assigned. Initialize the first source term to 1.0.
In timeEvolution: No population was assigned. Initialize the first source term to 1.0.
In timeEvolution: No population was assigned. Initialize the first source term to 1.0.
In timeEvolution: No population was assigned. Initialize the first source term to 1.0.
In timeEvolution: No population was assigned. Initialize the first source term to 1.0.
In timeEvolution: No population was assigned. Initialize the first source term to 1.0.
In timeEvolution: No population was assigned. Initialize the first source term to 1.0.
In timeEvolution: No population was assigned. Initialize the first source term to 1.0.
In timeEvolution: No population was assigned. Initialize the first source term to 1.0.
In timeEvolution: No population was assigned. Initialize the first source term to 1.0.
In timeEvolution: No population was assigned. Initialize the first source term to 1.0.
In timeEvolution: No population was assigned. Initialize the first source term to 1.0.
In timeEvolution: No population was assigned. Initialize the first source term to 1.0.
In timeEvolution: No population was assigned. Initialize the first source term to 1.0.
In timeEvolution: No population was assigned. Initialize the first source term to 1.0.
Finish Calculation of P-T case
Association ILT calculation completed
In timeEvolution: No population was assigned. Initialize the first source term to 1.0.
In timeEvolution: No population was assigned. Initialize the first source term to 1.0.
In timeEvolution: No population was assigned. Initialize the first source term to 1.0.
In timeEvolution: No population was assigned. Initialize the first source term to 1.0.
In timeEvolution: No population was assigned. Initialize the first source term to 1.0.
In timeEvolution: No population was assigned. Initialize the first source term to 1.0.
In timeEvolution: No population was assigned. Initialize the first source term to 1.0.
In timeEvolution: No population was assigned. Initialize the first source term to 1.0.
In timeEvolution: No population was assigned. Initialize the first source term to 1.0.
In timeEvolution: No population was assigned. Initialize the first source term to 1.0.
In timeEvolution: No population was assigned. Initialize the first source term to 1.0.
In timeEvolution: No population was assigned. Initialize the first source term to 1.0.
In timeEvolution: No population was assigned. Initialize the first source term to 1.0.
In timeEvolution: No population was assigned. Initialize the first source term to 1.0.
In timeEvolution: No population was assigned. Initialize the first source term to 1.0.
In timeEvolution: No population was assigned. Initialize the first source term to 1.0.
In timeEvolution: No population was assigned. Initialize the first source term to 1.0.
Finish Calculation of P-T case
Association ILT calculation completed
In timeEvolution: No population was assigned. Initialize the first source term to 1.0.
In timeEvolution: No population was assigned. Initialize the first source term to 1.0.
In timeEvolution: No population was assigned. Initialize the first source term to 1.0.
In timeEvolution: No population was assigned. Initialize the first source term to 1.0.
In timeEvolution: No population was assigned. Initialize the first source term to 1.0.
In timeEvolution: No population was assigned. Initialize the first source term to 1.0.
In timeEvolution: No population was assigned. Initialize the first source term to 1.0.
In timeEvolution: No population was assigned. Initialize the first source term to 1.0.
In timeEvolution: No population was assigned. Initialize the first source term to 1.0.
In timeEvolution: No population was assigned. Initialize the first source term to 1.0.
In timeEvolution: No population was assigned. Initialize the first source term to 1.0.
In timeEvolution: No population was assigned. Initialize the first source term to 1.0.
In timeEvolution: No population was assigned. Initialize the first source term to 1.0.
In timeEvolution: No population was assigned. Initialize the first source term to 1.0.
In timeEvolution: No population was assigned. Initialize the first source term to 1.0.
In timeEvolution: No population was assigned. Initialize the first source term to 1.0.
In timeEvolution: No population was assigned. Initialize the first source term to 1.0.
Finish Calculation of P-T case

Chi^2 = 87.7322 Lambda = 0.1
HONO:deltaEDown=68.7623  R1:preExponential=7.55073e-11  
Iteration: 1 of Marquardt. ChiSquare = 87.7322, Lambda = 0.1
Association ILT calculation completed
In timeEvolution: No population was assigned. Initialize the first source term to 1.0.
In timeEvolution: No population was assigned. Initialize the first source term to 1.0.
In timeEvolution: No population was assigned. Initialize the first source term to 1.0.
In timeEvolution: No population was assigned. Initialize the first source term to 1.0.
In timeEvolution: No population was assigned. Initialize the first source term to 1.0.
In timeEvolution: No population was assigned. Initialize the first source term to 1.0.
In timeEvolution: No population was assigned. Initialize the first source term to 1.0.
In timeEvolution: No population was assigned. Initialize the first source term to 1.0.
In timeEvolution: No population was assigned. Initialize the first source term to 1.0.
In timeEvolution: No population was assigned. Initialize the first source term to 1.0.
In timeEvolution: No population was assigned. Initialize the first source term to 1.0.
In timeEvolution: No population was assigned. Initialize the first source term to 1.0.
In timeEvolution: No population was assigned. Initialize the first source term to 1.0.
In timeEvolution: No population was assigned. Initialize the first source term to 1.0.
In timeEvolution: No population was assigned. Initialize the first source term to 1.0.
In timeEvolution: No population was assigned. Initialize the first source term to 1.0.
In timeEvolution: No population was assigned. Initialize the first source term to 1.0.
Finish Calculation of P-T case
Association ILT calculation completed
In timeEvolution: No population was assigned. Initialize the first source term to 1.0.
In timeEvolution: No population was assigned. Initialize the first source term to 1.0.
In timeEvolution: No population was assigned. Initialize the first source term to 1.0.
In timeEvolution: No population was assigned. Initialize the first source term to 1.0.
In timeEvolution: No population was assigned. Initialize the first source term to 1.0.
In timeEvolution: No population was assigned. Initialize the first source term to 1.0.
In timeEvolution: No population was assigned. Initialize the first source term to 1.0.
In timeEvolution: No population was assigned. Initialize the first source term to 1.0.
In timeEvolution: No population was assigned. Initialize the first source term to 1.0.
In timeEvolution: No population was assigned. Initialize the first source term to 1.0.
In timeEvolution: No population was assigned. Initialize the first source term to 1.0.
In timeEvolution: No population was assigned. Initialize the first source term to 1.0.
In timeEvolution: No population was assigned. Initialize the first source term to 1.0.
In timeEvolution: No population was assigned. Initialize the first source term to 1.0.
In timeEvolution: No population was assigned. Initialize the first source term to 1.0.
In timeEvolution: No population was assigned. Initialize the first source term to 1.0.
In timeEvolution: No population was assigned. Initialize the first source term to 1.0.
Finish Calculation of P-T case
Association ILT calculation completed
In timeEvolution: No population was assigned. Initialize the first source term to 1.0.
In timeEvolution: No population was assigned. Initialize the first source term to 1.0.
In timeEvolution: No population was assigned. Initialize the first source term to 1.0.
In timeEvolution: No population was assigned. Initialize the first source term to 1.0.
In timeEvolution: No population was assigned. Initialize the first source term to 1.0.
In timeEvolution: No population was assigned. Initialize the first source term to 1.0.
In timeEvolution: No population was assigned. Initialize the first source term to 1.0.
In timeEvolution: No population was assigned. Initialize the first source term to 1.0.
In timeEvolution: No population was assigned. Initialize the first source term to 1.0.
In timeEvolution: No population was assigned. Initialize the first source term to 1.0.
In timeEvolution: No population was assigned. Initialize the first source term to 1.0.
In timeEvolution: No population was assigned. Initialize the first source term to 1.0.
In timeEvolution: No population was assigned. Initialize the first source term to 1.0.
In timeEvolution: No population was assigned. Initialize the first source term to 1.0.
In timeEvolution: No population was assigned. Initialize the first source term to 1.0.
In timeEvolution: No population was assigned. Initialize the first source term to 1.0.
In timeEvolution: No population was assigned. Initialize the first source term to 1.0.
Finish Calculation of P-T case

Chi^2 = 51.9163 Lambda = 0.01
HONO:deltaEDown=79.3641  R1:preExponential=6.40718e-11  
Iteration: 2 of Marquardt. ChiSquare = 51.9163, Lambda = 0.01
Association ILT calculation completed
In timeEvolution: No population was assigned. Initialize the first source term to 1.0.
In timeEvolution: No population was assigned. Initialize the first source term to 1.0.
In timeEvolution: No population was assigned. Initialize the first source term to 1.0.
In timeEvolution: No population was assigned. Initialize the first source term to 1.0.
In timeEvolution: No population was assigned. Initialize the first source term to 1.0.
In timeEvolution: No population was assigned. Initialize the first source term to 1.0.
In timeEvolution: No population was assigned. Initialize the first source term to 1.0.
In timeEvolution: No population was assigned. Initialize the first source term to 1.0.
In timeEvolution: No population was assigned. Initialize the first source term to 1.0.
In timeEvolution: No population was assigned. Initialize the first source term to 1.0.
In timeEvolution: No population was assigned. Initialize the first source term to 1.0.
In timeEvolution: No population was assigned. Initialize the first source term to 1.0.
In timeEvolution: No population was assigned. Initialize the first source term to 1.0.
In timeEvolution: No population was assigned. Initialize the first source term to 1.0.
In timeEvolution: No population was assigned. Initialize the first source term to 1.0.
In timeEvolution: No population was assigned. Initialize the first source term to 1.0.
In timeEvolution: No population was assigned. Initialize the first source term to 1.0.
Finish Calculation of P-T case
Association ILT calculation completed
In timeEvolution: No population was assigned. Initialize the first source term to 1.0.
In timeEvolution: No population was assigned. Initialize the first source term to 1.0.
In timeEvolution: No population was assigned. Initialize the first source term to 1.0.
In timeEvolution: No population was assigned. Initialize the first source term to 1.0.
In timeEvolution: No population was assigned. Initialize the first source term to 1.0.
In timeEvolution: No population was assigned. Initialize the first source term to 1.0.
In timeEvolution: No population was assigned. Initialize the first source term to 1.0.
In timeEvolution: No population was assigned. Initialize the first source term to 1.0.
In timeEvolution: No population was assigned. Initialize the first source term to 1.0.
In timeEvolution: No population was assigned. Initialize the first source term to 1.0.
In timeEvolution: No population was assigned. Initialize the first source term to 1.0.
In timeEvolution: No population was assigned. Initialize the first source term to 1.0.
In timeEvolution: No population was assigned. Initialize the first source term to 1.0.
In timeEvolution: No population was assigned. Initialize the first source term to 1.0.
In timeEvolution: No population was assigned. Initialize the first source term to 1.0.
In timeEvolution: No population was assigned. Initialize the first source term to 1.0.
In timeEvolution: No population was assigned. Initialize the first source term to 1.0.
Finish Calculation of P-T case
Association ILT calculation completed
In timeEvolution: No population was assigned. Initialize the first source term to 1.0.
In timeEvolution: No population was assigned. Initialize the first source term to 1.0.
In timeEvolution: No population was assigned. Initialize the first source term to 1.0.
In timeEvolution: No population was assigned. Initialize the first source term to 1.0.
In timeEvolution: No population was assigned. Initialize the first source term to 1.0.
In timeEvolution: No population was assigned. Initialize the first source term to 1.0.
In timeEvolution: No population was assigned. Initialize the first source term to 1.0.
In timeEvolution: No population was assigned. Initialize the first source term to 1.0.
In timeEvolution: No population was assigned. Initialize the first source term to 1.0.
In timeEvolution: No population was assigned. Initialize the first source term to 1.0.
In timeEvolution: No population was assigned. Initialize the first source term to 1.0.
In timeEvolution: No population was assigned. Initialize the first source term to 1.0.
In timeEvolution: No population was assigned. Initialize the first source term to 1.0.
In timeEvolution: No population was assigned. Initialize the first source term to 1.0.
In timeEvolution: No population was assigned. Initialize the first source term to 1.0.
In timeEvolution: No population was assigned. Initialize the first source term to 1.0.
In timeEvolution: No population was assigned. Initialize the first source term to 1.0.
Finish Calculation of P-T case

Chi^2 = 51.3017 Lambda = 0.001
HONO:deltaEDown=80.6437  R1:preExponential=6.46978e-11  
Iteration: 3 of Marquardt. ChiSquare = 51.3017, Lambda = 0.001
Association ILT calculation completed
In timeEvolution: No population was assigned. Initialize the first source term to 1.0.
In timeEvolution: No population was assigned. Initialize the first source term to 1.0.
In timeEvolution: No population was assigned. Initialize the first source term to 1.0.
In timeEvolution: No population was assigned. Initialize the first source term to 1.0.
In timeEvolution: No population was assigned. Initialize the first source term to 1.0.
In timeEvolution: No population was assigned. Initialize the first source term to 1.0.
In timeEvolution: No population was assigned. Initialize the first source term to 1.0.
In timeEvolution: No population was assigned. Initialize the first source term to 1.0.
In timeEvolution: No population was assigned. Initialize the first source term to 1.0.
In timeEvolution: No population was assigned. Initialize the first source term to 1.0.
In timeEvolution: No population was assigned. Initialize the first source term to 1.0.
In timeEvolution: No population was assigned. Initialize the first source term to 1.0.
In timeEvolution: No population was assigned. Initialize the first source term to 1.0.
In timeEvolution: No population was assigned. Initialize the first source term to 1.0.
In timeEvolution: No population was assigned. Initialize the first source term to 1.0.
In timeEvolution: No population was assigned. Initialize the first source term to 1.0.
In timeEvolution: No population was assigned. Initialize the first source term to 1.0.
Finish Calculation of P-T case

Chi^2 = 51.3017 Lambda = 0.01
HONO:deltaEDown=80.6437  R1:preExponential=6.46978e-11  
Iteration: 4 of Marquardt. ChiSquare = 51.3017, Lambda = 0.01
Association ILT calculation completed
In timeEvolution: No population was assigned. Initialize the first source term to 1.0.
In timeEvolution: No population was assigned. Initialize the first source term to 1.0.
In timeEvolution: No population was assigned. Initialize the first source term to 1.0.
In timeEvolution: No population was assigned. Initialize the first source term to 1.0.
In timeEvolution: No population was assigned. Initialize the first source term to 1.0.
In timeEvolution: No population was assigned. Initialize the first source term to 1.0.
In timeEvolution: No population was assigned. Initialize the first source term to 1.0.
In timeEvolution: No population was assigned. Initialize the first source term to 1.0.
In timeEvolution: No population was assigned. Initialize the first source term to 1.0.
In timeEvolution: No population was assigned. Initialize the first source term to 1.0.
In timeEvolution: No population was assigned. Initialize the first source term to 1.0.
In timeEvolution: No population was assigned. Initialize the first source term to 1.0.
In timeEvolution: No population was assigned. Initialize the first source term to 1.0.
In timeEvolution: No population was assigned. Initialize the first source term to 1.0.
In timeEvolution: No population was assigned. Initialize the first source term to 1.0.
In timeEvolution: No population was assigned. Initialize the first source term to 1.0.
In timeEvolution: No population was assigned. Initialize the first source term to 1.0.
Finish Calculation of P-T case
Association ILT calculation completed
In timeEvolution: No population was assigned. Initialize the first source term to 1.0.
In timeEvolution: No population was assigned. Initialize the first source term to 1.0.
In timeEvolution: No population was assigned. Initialize the first source term to 1.0.
In timeEvolution: No population was assigned. Initialize the first source term to 1.0.
In timeEvolution: No population was assigned. Initialize the first source term to 1.0.
In timeEvolution: No population was assigned. Initialize the first source term to 1.0.
In timeEvolution: No population was assigned. Initialize the first source term to 1.0.
In timeEvolution: No population was assigned. Initialize the first source term to 1.0.
In timeEvolution: No population was assigned. Initialize the first source term to 1.0.
In timeEvolution: No population was assigned. Initialize the first source term to 1.0.
In timeEvolution: No population was assigned. Initialize the first source term to 1.0.
In timeEvolution: No population was assigned. Initialize the first source term to 1.0.
In timeEvolution: No population was assigned. Initialize the first source term to 1.0.
In timeEvolution: No population was assigned. Initialize the first source term to 1.0.
In timeEvolution: No population was assigned. Initialize the first source term to 1.0.
In timeEvolution: No population was assigned. Initialize the first source term to 1.0.
In timeEvolution: No population was assigned. Initialize the first source term to 1.0.
Finish Calculation of P-T case
Association ILT calculation completed
In timeEvolution: No population was assigned. Initialize the first source term to 1.0.
In timeEvolution: No population was assigned. Initialize the first source term to 1.0.
In timeEvolution: No population was assigned. Initialize the first source term to 1.0.
In timeEvolution: No population was assigned. Initialize the first source term to 1.0.
In timeEvolution: No population was assigned. Initialize the first source term to 1.0.
In timeEvolution: No population was assigned. Initialize the first source term to 1.0.
In timeEvolution: No population was assigned. Initialize the first source term to 1.0.
In timeEvolution: No population was assigned. Initialize the first source term to 1.0.
In timeEvolution: No population was assigned. Initialize the first source term to 1.0.
In timeEvolution: No population was assigned. Initialize the first source term to 1.0.
In timeEvolution: No population was assigned. Initialize the first source term to 1.0.
In timeEvolution: No population was assigned. Initialize the first source term to 1.0.
In timeEvolution: No population was assigned. Initialize the first source term to 1.0.
In timeEvolution: No population was assigned. Initialize the first source term to 1.0.
In timeEvolution: No population was assigned. Initialize the first source term to 1.0.
In timeEvolution: No population was assigned. Initialize the first source term to 1.0.
In timeEvolution: No population was assigned. Initialize the first source term to 1.0.
Finish Calculation of P-T case

Chi^2 = 51.3013 Lambda = 0.001
HONO:deltaEDown=80.6482  R1:preExponential=6.47121e-11  
Iteration: 5 of Marquardt. ChiSquare = 51.3013, Lambda = 0.001
Association ILT calculation completed
In timeEvolution: No population was assigned. Initialize the first source term to 1.0.
In timeEvolution: No population was assigned. Initialize the first source term to 1.0.
In timeEvolution: No population was assigned. Initialize the first source term to 1.0.
In timeEvolution: No population was assigned. Initialize the first source term to 1.0.
In timeEvolution: No population was assigned. Initialize the first source term to 1.0.
In timeEvolution: No population was assigned. Initialize the first source term to 1.0.
In timeEvolution: No population was assigned. Initialize the first source term to 1.0.
In timeEvolution: No population was assigned. Initialize the first source term to 1.0.
In timeEvolution: No population was assigned. Initialize the first source term to 1.0.
In timeEvolution: No population was assigned. Initialize the first source term to 1.0.
In timeEvolution: No population was assigned. Initialize the first source term to 1.0.
In timeEvolution: No population was assigned. Initialize the first source term to 1.0.
In timeEvolution: No population was assigned. Initialize the first source term to 1.0.
In timeEvolution: No population was assigned. Initialize the first source term to 1.0.
In timeEvolution: No population was assigned. Initialize the first source term to 1.0.
In timeEvolution: No population was assigned. Initialize the first source term to 1.0.
In timeEvolution: No population was assigned. Initialize the first source term to 1.0.
Finish Calculation of P-T case

Chi^2 = 51.3013 Lambda = 0.01
HONO:deltaEDown=80.6482  R1:preExponential=6.47121e-11  
Iteration: 6 of Marquardt. ChiSquare = 51.3013, Lambda = 0.01
Association ILT calculation completed
In timeEvolution: No population was assigned. Initialize the first source term to 1.0.
In timeEvolution: No population was assigned. Initialize the first source term to 1.0.
In timeEvolution: No population was assigned. Initialize the first source term to 1.0.
In timeEvolution: No population was assigned. Initialize the first source term to 1.0.
In timeEvolution: No population was assigned. Initialize the first source term to 1.0.
In timeEvolution: No population was assigned. Initialize the first source term to 1.0.
In timeEvolution: No population was assigned. Initialize the first source term to 1.0.
In timeEvolution: No population was assigned. Initialize the first source term to 1.0.
In timeEvolution: No population was assigned. Initialize the first source term to 1.0.
In timeEvolution: No population was assigned. Initialize the first source term to 1.0.
In timeEvolution: No population was assigned. Initialize the first source term to 1.0.
In timeEvolution: No population was assigned. Initialize the first source term to 1.0.
In timeEvolution: No population was assigned. Initialize the first source term to 1.0.
In timeEvolution: No population was assigned. Initialize the first source term to 1.0.
In timeEvolution: No population was assigned. Initialize the first source term to 1.0.
In timeEvolution: No population was assigned. Initialize the first source term to 1.0.
In timeEvolution: No population was assigned. Initialize the first source term to 1.0.
Finish Calculation of P-T case

Chi^2 = 51.3013 Lambda = 0.1
HONO:deltaEDown=80.6482  R1:preExponential=6.47121e-11  
Iteration: 7 of Marquardt. ChiSquare = 51.3013, Lambda = 0.1
Association ILT calculation completed
In timeEvolution: No population was assigned. Initialize the first source term to 1.0.
In timeEvolution: No population was assigned. Initialize the first source term to 1.0.
In timeEvolution: No population was assigned. Initialize the first source term to 1.0.
In timeEvolution: No population was assigned. Initialize the first source term to 1.0.
In timeEvolution: No population was assigned. Initialize the first source term to 1.0.
In timeEvolution: No population was assigned. Initialize the first source term to 1.0.
In timeEvolution: No population was assigned. Initialize the first source term to 1.0.
In timeEvolution: No population was assigned. Initialize the first source term to 1.0.
In timeEvolution: No population was assigned. Initialize the first source term to 1.0.
In timeEvolution: No population was assigned. Initialize the first source term to 1.0.
In timeEvolution: No population was assigned. Initialize the first source term to 1.0.
In timeEvolution: No population was assigned. Initialize the first source term to 1.0.
In timeEvolution: No population was assigned. Initialize the first source term to 1.0.
In timeEvolution: No population was assigned. Initialize the first source term to 1.0.
In timeEvolution: No population was assigned. Initialize the first source term to 1.0.
In timeEvolution: No population was assigned. Initialize the first source term to 1.0.
In timeEvolution: No population was assigned. Initialize the first source term to 1.0.
Finish Calculation of P-T case

Chi^2 = 51.3013 Lambda = 1
HONO:deltaEDown=80.6482  R1:preExponential=6.47121e-11  
Iteration: 8 of Marquardt. ChiSquare = 51.3013, Lambda = 1
Association ILT calculation completed
In timeEvolution: No population was assigned. Initialize the first source term to 1.0.
In timeEvolution: No population was assigned. Initialize the first source term to 1.0.
In timeEvolution: No population was assigned. Initialize the first source term to 1.0.
In timeEvolution: No population was assigned. Initialize the first source term to 1.0.
In timeEvolution: No population was assigned. Initialize the first source term to 1.0.
In timeEvolution: No population was assigned. Initialize the first source term to 1.0.
In timeEvolution: No population was assigned. Initialize the first source term to 1.0.
In timeEvolution: No population was assigned. Initialize the first source term to 1.0.
In timeEvolution: No population was assigned. Initialize the first source term to 1.0.
In timeEvolution: No population was assigned. Initialize the first source term to 1.0.
In timeEvolution: No population was assigned. Initialize the first source term to 1.0.
In timeEvolution: No population was assigned. Initialize the first source term to 1.0.
In timeEvolution: No population was assigned. Initialize the first source term to 1.0.
In timeEvolution: No population was assigned. Initialize the first source term to 1.0.
In timeEvolution: No population was assigned. Initialize the first source term to 1.0.
In timeEvolution: No population was assigned. Initialize the first source term to 1.0.
In timeEvolution: No population was assigned. Initialize the first source term to 1.0.
Finish Calculation of P-T case

Chi^2 = 51.3013 Lambda = 10
HONO:deltaEDown=80.6482  R1:preExponential=6.47121e-11  
Iteration: 9 of Marquardt. ChiSquare = 51.3013, Lambda = 10
Association ILT calculation completed
In timeEvolution: No population was assigned. Initialize the first source term to 1.0.
In timeEvolution: No population was assigned. Initialize the first source term to 1.0.
In timeEvolution: No population was assigned. Initialize the first source term to 1.0.
In timeEvolution: No population was assigned. Initialize the first source term to 1.0.
In timeEvolution: No population was assigned. Initialize the first source term to 1.0.
In timeEvolution: No population was assigned. Initialize the first source term to 1.0.
In timeEvolution: No population was assigned. Initialize the first source term to 1.0.
In timeEvolution: No population was assigned. Initialize the first source term to 1.0.
In timeEvolution: No population was assigned. Initialize the first source term to 1.0.
In timeEvolution: No population was assigned. Initialize the first source term to 1.0.
In timeEvolution: No population was assigned. Initialize the first source term to 1.0.
In timeEvolution: No population was assigned. Initialize the first source term to 1.0.
In timeEvolution: No population was assigned. Initialize the first source term to 1.0.
In timeEvolution: No population was assigned. Initialize the first source term to 1.0.
In timeEvolution: No population was assigned. Initialize the first source term to 1.0.
In timeEvolution: No population was assigned. Initialize the first source term to 1.0.
In timeEvolution: No population was assigned. Initialize the first source term to 1.0.
Finish Calculation of P-T case

Chi^2 = 51.3013 Lambda = 100
HONO:deltaEDown=80.6482  R1:preExponential=6.47121e-11  
Iteration: 10 of Marquardt. ChiSquare = 51.3013, Lambda = 100
Association ILT calculation completed
In timeEvolution: No population was assigned. Initialize the first source term to 1.0.
In timeEvolution: No population was assigned. Initialize the first source term to 1.0.
In timeEvolution: No population was assigned. Initialize the first source term to 1.0.
In timeEvolution: No population was assigned. Initialize the first source term to 1.0.
In timeEvolution: No population was assigned. Initialize the first source term to 1.0.
In timeEvolution: No population was assigned. Initialize the first source term to 1.0.
In timeEvolution: No population was assigned. Initialize the first source term to 1.0.
In timeEvolution: No population was assigned. Initialize the first source term to 1.0.
In timeEvolution: No population was assigned. Initialize the first source term to 1.0.
In timeEvolution: No population was assigned. Initialize the first source term to 1.0.
In timeEvolution: No population was assigned. Initialize the first source term to 1.0.
In timeEvolution: No population was assigned. Initialize the first source term to 1.0.
In timeEvolution: No population was assigned. Initialize the first source term to 1.0.
In timeEvolution: No population was assigned. Initialize the first source term to 1.0.
In timeEvolution: No population was assigned. Initialize the first source term to 1.0.
In timeEvolution: No population was assigned. Initialize the first source term to 1.0.
In timeEvolution: No population was assigned. Initialize the first source term to 1.0.
Finish Calculation of P-T case

Chi^2 = 51.3013 Lambda = 1000
HONO:deltaEDown=80.6482  R1:preExponential=6.47121e-11  
Iteration: 11 of Marquardt. ChiSquare = 51.3013, Lambda = 1000
Association ILT calculation completed
In timeEvolution: No population was assigned. Initialize the first source term to 1.0.
In timeEvolution: No population was assigned. Initialize the first source term to 1.0.
In timeEvolution: No population was assigned. Initialize the first source term to 1.0.
In timeEvolution: No population was assigned. Initialize the first source term to 1.0.
In timeEvolution: No population was assigned. Initialize the first source term to 1.0.
In timeEvolution: No population was assigned. Initialize the first source term to 1.0.
In timeEvolution: No population was assigned. Initialize the first source term to 1.0.
In timeEvolution: No population was assigned. Initialize the first source term to 1.0.
In timeEvolution: No population was assigned. Initialize the first source term to 1.0.
In timeEvolution: No population was assigned. Initialize the first source term to 1.0.
In timeEvolution: No population was assigned. Initialize the first source term to 1.0.
In timeEvolution: No population was assigned. Initialize the first source term to 1.0.
In timeEvolution: No population was assigned. Initialize the first source term to 1.0.
In timeEvolution: No population was assigned. Initialize the first source term to 1.0.
In timeEvolution: No population was assigned. Initialize the first source term to 1.0.
In timeEvolution: No population was assigned. Initialize the first source term to 1.0.
In timeEvolution: No population was assigned. Initialize the first source term to 1.0.
Finish Calculation of P-T case

Chi^2 = 51.3013 Lambda = 10000
HONO:deltaEDown=80.6482  R1:preExponential=6.47121e-11  
Iteration: 12 of Marquardt. ChiSquare = 51.3013, Lambda = 10000
Association ILT calculation completed
In timeEvolution: No population was assigned. Initialize the first source term to 1.0.
In timeEvolution: No population was assigned. Initialize the first source term to 1.0.
In timeEvolution: No population was assigned. Initialize the first source term to 1.0.
In timeEvolution: No population was assigned. Initialize the first source term to 1.0.
In timeEvolution: No population was assigned. Initialize the first source term to 1.0.
In timeEvolution: No population was assigned. Initialize the first source term to 1.0.
In timeEvolution: No population was assigned. Initialize the first source term to 1.0.
In timeEvolution: No population was assigned. Initialize the first source term to 1.0.
In timeEvolution: No population was assigned. Initialize the first source term to 1.0.
In timeEvolution: No population was assigned. Initialize the first source term to 1.0.
In timeEvolution: No population was assigned. Initialize the first source term to 1.0.
In timeEvolution: No population was assigned. Initialize the first source term to 1.0.
In timeEvolution: No population was assigned. Initialize the first source term to 1.0.
In timeEvolution: No population was assigned. Initialize the first source term to 1.0.
In timeEvolution: No population was assigned. Initialize the first source term to 1.0.
In timeEvolution: No population was assigned. Initialize the first source term to 1.0.
In timeEvolution: No population was assigned. Initialize the first source term to 1.0.
Finish Calculation of P-T case

Chi^2 = 51.3013 Lambda = 100000
HONO:deltaEDown=80.6482  R1:preExponential=6.47121e-11  
Iteration: 13 of Marquardt. ChiSquare = 51.3013, Lambda = 100000
Association ILT calculation completed
In timeEvolution: No population was assigned. Initialize the first source term to 1.0.
In timeEvolution: No population was assigned. Initialize the first source term to 1.0.
In timeEvolution: No population was assigned. Initialize the first source term to 1.0.
In timeEvolution: No population was assigned. Initialize the first source term to 1.0.
In timeEvolution: No population was assigned. Initialize the first source term to 1.0.
In timeEvolution: No population was assigned. Initialize the first source term to 1.0.
In timeEvolution: No population was assigned. Initialize the first source term to 1.0.
In timeEvolution: No population was assigned. Initialize the first source term to 1.0.
In timeEvolution: No population was assigned. Initialize the first source term to 1.0.
In timeEvolution: No population was assigned. Initialize the first source term to 1.0.
In timeEvolution: No population was assigned. Initialize the first source term to 1.0.
In timeEvolution: No population was assigned. Initialize the first source term to 1.0.
In timeEvolution: No population was assigned. Initialize the first source term to 1.0.
In timeEvolution: No population was assigned. Initialize the first source term to 1.0.
In timeEvolution: No population was assigned. Initialize the first source term to 1.0.
In timeEvolution: No population was assigned. Initialize the first source term to 1.0.
In timeEvolution: No population was assigned. Initialize the first source term to 1.0.
Finish Calculation of P-T case

Chi^2 = 51.3013 Lambda = 1e+06
HONO:deltaEDown=80.6482  R1:preExponential=6.47121e-11  
Iteration: 14 of Marquardt. ChiSquare = 51.3013, Lambda = 1e+06
Association ILT calculation completed
In timeEvolution: No population was assigned. Initialize the first source term to 1.0.
In timeEvolution: No population was assigned. Initialize the first source term to 1.0.
In timeEvolution: No population was assigned. Initialize the first source term to 1.0.
In timeEvolution: No population was assigned. Initialize the first source term to 1.0.
In timeEvolution: No population was assigned. Initialize the first source term to 1.0.
In timeEvolution: No population was assigned. Initialize the first source term to 1.0.
In timeEvolution: No population was assigned. Initialize the first source term to 1.0.
In timeEvolution: No population was assigned. Initialize the first source term to 1.0.
In timeEvolution: No population was assigned. Initialize the first source term to 1.0.
In timeEvolution: No population was assigned. Initialize the first source term to 1.0.
In timeEvolution: No population was assigned. Initialize the first source term to 1.0.
In timeEvolution: No population was assigned. Initialize the first source term to 1.0.
In timeEvolution: No population was assigned. Initialize the first source term to 1.0.
In timeEvolution: No population was assigned. Initialize the first source term to 1.0.
In timeEvolution: No population was assigned. Initialize the first source term to 1.0.
In timeEvolution: No population was assigned. Initialize the first source term to 1.0.
In timeEvolution: No population was assigned. Initialize the first source term to 1.0.
Finish Calculation of P-T case

Chi^2 = 51.3013 Lambda = 1e+07
HONO:deltaEDown=80.6482  R1:preExponential=6.47121e-11  
Iteration: 15 of Marquardt. ChiSquare = 51.3013, Lambda = 1e+07
Association ILT calculation completed
In timeEvolution: No population was assigned. Initialize the first source term to 1.0.
In timeEvolution: No population was assigned. Initialize the first source term to 1.0.
In timeEvolution: No population was assigned. Initialize the first source term to 1.0.
In timeEvolution: No population was assigned. Initialize the first source term to 1.0.
In timeEvolution: No population was assigned. Initialize the first source term to 1.0.
In timeEvolution: No population was assigned. Initialize the first source term to 1.0.
In timeEvolution: No population was assigned. Initialize the first source term to 1.0.
In timeEvolution: No population was assigned. Initialize the first source term to 1.0.
In timeEvolution: No population was assigned. Initialize the first source term to 1.0.
In timeEvolution: No population was assigned. Initialize the first source term to 1.0.
In timeEvolution: No population was assigned. Initialize the first source term to 1.0.
In timeEvolution: No population was assigned. Initialize the first source term to 1.0.
In timeEvolution: No population was assigned. Initialize the first source term to 1.0.
In timeEvolution: No population was assigned. Initialize the first source term to 1.0.
In timeEvolution: No population was assigned. Initialize the first source term to 1.0.
In timeEvolution: No population was assigned. Initialize the first source term to 1.0.
In timeEvolution: No population was assigned. Initialize the first source term to 1.0.
Finish Calculation of P-T case

Chi^2 = 51.3013 Lambda = 1e+08
HONO:deltaEDown=80.6482  R1:preExponential=6.47121e-11  
Iteration: 16 of Marquardt. ChiSquare = 51.3013, Lambda = 1e+08
Association ILT calculation completed
In timeEvolution: No population was assigned. Initialize the first source term to 1.0.
In timeEvolution: No population was assigned. Initialize the first source term to 1.0.
In timeEvolution: No population was assigned. Initialize the first source term to 1.0.
In timeEvolution: No population was assigned. Initialize the first source term to 1.0.
In timeEvolution: No population was assigned. Initialize the first source term to 1.0.
In timeEvolution: No population was assigned. Initialize the first source term to 1.0.
In timeEvolution: No population was assigned. Initialize the first source term to 1.0.
In timeEvolution: No population was assigned. Initialize the first source term to 1.0.
In timeEvolution: No population was assigned. Initialize the first source term to 1.0.
In timeEvolution: No population was assigned. Initialize the first source term to 1.0.
In timeEvolution: No population was assigned. Initialize the first source term to 1.0.
In timeEvolution: No population was assigned. Initialize the first source term to 1.0.
In timeEvolution: No population was assigned. Initialize the first source term to 1.0.
In timeEvolution: No population was assigned. Initialize the first source term to 1.0.
In timeEvolution: No population was assigned. Initialize the first source term to 1.0.
In timeEvolution: No population was assigned. Initialize the first source term to 1.0.
In timeEvolution: No population was assigned. Initialize the first source term to 1.0.
Finish Calculation of P-T case

Chi^2 = 51.3013 Lambda = 1e+09
HONO:deltaEDown=80.6482  R1:preExponential=6.47121e-11  
Iteration: 17 of Marquardt. ChiSquare = 51.3013, Lambda = 1e+09
Association ILT calculation completed
In timeEvolution: No population was assigned. Initialize the first source term to 1.0.
In timeEvolution: No population was assigned. Initialize the first source term to 1.0.
In timeEvolution: No population was assigned. Initialize the first source term to 1.0.
In timeEvolution: No population was assigned. Initialize the first source term to 1.0.
In timeEvolution: No population was assigned. Initialize the first source term to 1.0.
In timeEvolution: No population was assigned. Initialize the first source term to 1.0.
In timeEvolution: No population was assigned. Initialize the first source term to 1.0.
In timeEvolution: No population was assigned. Initialize the first source term to 1.0.
In timeEvolution: No population was assigned. Initialize the first source term to 1.0.
In timeEvolution: No population was assigned. Initialize the first source term to 1.0.
In timeEvolution: No population was assigned. Initialize the first source term to 1.0.
In timeEvolution: No population was assigned. Initialize the first source term to 1.0.
In timeEvolution: No population was assigned. Initialize the first source term to 1.0.
In timeEvolution: No population was assigned. Initialize the first source term to 1.0.
In timeEvolution: No population was assigned. Initialize the first source term to 1.0.
In timeEvolution: No population was assigned. Initialize the first source term to 1.0.
In timeEvolution: No population was assigned. Initialize the first source term to 1.0.
Finish Calculation of P-T case

Chi^2 = 51.3013 Lambda = 1e+10
HONO:deltaEDown=80.6482  R1:preExponential=6.47121e-11  
Iteration: 18 of Marquardt. ChiSquare = 51.3013, Lambda = 1e+10
Association ILT calculation completed
In timeEvolution: No population was assigned. Initialize the first source term to 1.0.
In timeEvolution: No population was assigned. Initialize the first source term to 1.0.
In timeEvolution: No population was assigned. Initialize the first source term to 1.0.
In timeEvolution: No population was assigned. Initialize the first source term to 1.0.
In timeEvolution: No population was assigned. Initialize the first source term to 1.0.
In timeEvolution: No population was assigned. Initialize the first source term to 1.0.
In timeEvolution: No population was assigned. Initialize the first source term to 1.0.
In timeEvolution: No population was assigned. Initialize the first source term to 1.0.
In timeEvolution: No population was assigned. Initialize the first source term to 1.0.
In timeEvolution: No population was assigned. Initialize the first source term to 1.0.
In timeEvolution: No population was assigned. Initialize the first source term to 1.0.
In timeEvolution: No population was assigned. Initialize the first source term to 1.0.
In timeEvolution: No population was assigned. Initialize the first source term to 1.0.
In timeEvolution: No population was assigned. Initialize the first source term to 1.0.
In timeEvolution: No population was assigned. Initialize the first source term to 1.0.
In timeEvolution: No population was assigned. Initialize the first source term to 1.0.
In timeEvolution: No population was assigned. Initialize the first source term to 1.0.
Finish Calculation of P-T case

Chi^2 = 51.3013 Lambda = 1e+11
HONO:deltaEDown=80.6482  R1:preExponential=6.47121e-11  
Iteration: 19 of Marquardt. ChiSquare = 51.3013, Lambda = 1e+11
Association ILT calculation completed
In timeEvolution: No population was assigned. Initialize the first source term to 1.0.
In timeEvolution: No population was assigned. Initialize the first source term to 1.0.
In timeEvolution: No population was assigned. Initialize the first source term to 1.0.
In timeEvolution: No population was assigned. Initialize the first source term to 1.0.
In timeEvolution: No population was assigned. Initialize the first source term to 1.0.
In timeEvolution: No population was assigned. Initialize the first source term to 1.0.
In timeEvolution: No population was assigned. Initialize the first source term to 1.0.
In timeEvolution: No population was assigned. Initialize the first source term to 1.0.
In timeEvolution: No population was assigned. Initialize the first source term to 1.0.
In timeEvolution: No population was assigned. Initialize the first source term to 1.0.
In timeEvolution: No population was assigned. Initialize the first source term to 1.0.
In timeEvolution: No population was assigned. Initialize the first source term to 1.0.
In timeEvolution: No population was assigned. Initialize the first source term to 1.0.
In timeEvolution: No population was assigned. Initialize the first source term to 1.0.
In timeEvolution: No population was assigned. Initialize the first source term to 1.0.
In timeEvolution: No population was assigned. Initialize the first source term to 1.0.
In timeEvolution: No population was assigned. Initialize the first source term to 1.0.
Finish Calculation of P-T case

Chi^2 = 51.3013 Lambda = 1e+12
HONO:deltaEDown=80.6482  R1:preExponential=6.47121e-11  
Iteration: 20 of Marquardt. ChiSquare = 51.3013, Lambda = 1e+12
PT Grid 0
Number of cells = 21450, Number of grains = 858
Association ILT calculation completed
Build Collison Operator
Diagonalize the Reaction Operator -- Time elapsed: 18 seconds.
In timeEvolution: No population was assigned. Initialize the first source term to 1.0.
PT Grid 1
Build Collison Operator
Diagonalize the Reaction Operator -- Time elapsed: 18 seconds.
In timeEvolution: No population was assigned. Initialize the first source term to 1.0.
PT Grid 2
Build Collison Operator -- Time elapsed: 1 seconds.
Diagonalize the Reaction Operator -- Time elapsed: 17 seconds.
In timeEvolution: No population was assigned. Initialize the first source term to 1.0.
PT Grid 3
Build Collison Operator -- Time elapsed: 1 seconds.
Diagonalize the Reaction Operator -- Time elapsed: 18 seconds.
In timeEvolution: No population was assigned. Initialize the first source term to 1.0.
PT Grid 4
Build Collison Operator -- Time elapsed: 1 seconds.
Diagonalize the Reaction Operator -- Time elapsed: 17 seconds.
In timeEvolution: No population was assigned. Initialize the first source term to 1.0.
PT Grid 5
Build Collison Operator -- Time elapsed: 1 seconds.
Diagonalize the Reaction Operator -- Time elapsed: 17 seconds.
In timeEvolution: No population was assigned. Initialize the first source term to 1.0.
PT Grid 6
Build Collison Operator
Diagonalize the Reaction Operator -- Time elapsed: 17 seconds.
In timeEvolution: No population was assigned. Initialize the first source term to 1.0.
PT Grid 7
Build Collison Operator -- Time elapsed: 1 seconds.
Diagonalize the Reaction Operator -- Time elapsed: 15 seconds.
In timeEvolution: No population was assigned. Initialize the first source term to 1.0.
PT Grid 8
Build Collison Operator -- Time elapsed: 1 seconds.
Diagonalize the Reaction Operator -- Time elapsed: 14 seconds.
In timeEvolution: No population was assigned. Initialize the first source term to 1.0.
PT Grid 9
Build Collison Operator -- Time elapsed: 1 seconds.
Diagonalize the Reaction Operator -- Time elapsed: 14 seconds.
In timeEvolution: No population was assigned. Initialize the first source term to 1.0.
PT Grid 10
Build Collison Operator -- Time elapsed: 1 seconds.
Diagonalize the Reaction Operator -- Time elapsed: 15 seconds.
In timeEvolution: No population was assigned. Initialize the first source term to 1.0.
PT Grid 11
Build Collison Operator
Diagonalize the Reaction Operator -- Time elapsed: 15 seconds.
In timeEvolution: No population was assigned. Initialize the first source term to 1.0.
PT Grid 12
Build Collison Operator -- Time elapsed: 1 seconds.
Diagonalize the Reaction Operator -- Time elapsed: 14 seconds.
In timeEvolution: No population was assigned. Initialize the first source term to 1.0.
PT Grid 13
Build Collison Operator -- Time elapsed: 1 seconds.
Diagonalize the Reaction Operator -- Time elapsed: 14 seconds.
In timeEvolution: No population was assigned. Initialize the first source term to 1.0.
PT Grid 14
Build Collison Operator -- Time elapsed: 1 seconds.
Diagonalize the Reaction Operator -- Time elapsed: 14 seconds.
In timeEvolution: No population was assigned. Initialize the first source term to 1.0.
PT Grid 15
Build Collison Operator -- Time elapsed: 1 seconds.
Diagonalize the Reaction Operator -- Time elapsed: 14 seconds.
In timeEvolution: No population was assigned. Initialize the first source term to 1.0.
PT Grid 16
Build Collison Operator -- Time elapsed: 1 seconds.
Diagonalize the Reaction Operator -- Time elapsed: 14 seconds.
In timeEvolution: No population was assigned. Initialize the first source term to 1.0.

    Temperature  Concentration    Exp. Coeff.    Cal. Coeff.

            295       3.2e+021         310000         397613
            295       2.3e+021         320000         360990
            295       1.6e+021         290000         320428
            295       1.2e+021         290000         288735
            295       7.6e+020         290000         240531
            295       3.4e+020         250000         165942
            295       1.7e+020         200000         114974
            295       9.6e+019         170000          82479
            294      6.57e+016            217        262.084
            294      1.64e+017            542        604.463
            294      2.63e+017            867        921.363
            294      3.28e+017           1084        1119.31
            296       8.5e+017           2700        2480.89
            294      6.57e+016            257        262.084
            294      1.64e+017            672        604.463
            294      2.63e+017           1078        921.363
            294      3.28e+017           1345        1119.31

Finish Calculation of P-T case -- Time elapsed: 1 seconds.
17 temperature/concentration-pressure points calculated.

Chi^2 = 51.3013

Best fit parameters:

HONO:deltaEDown = 80.6482 +/- 2.05194
R1:preExponential = 6.47121e-11 +/- 6.02752e-12

Correlation coefficients:

R1:preExponential , HONO:deltaEDown = -0.484244

Goodness of Fit:

Number of degrees of Freedom = 15
Chi^2 probability = 7.36583e-06

 -- Total time elapsed: 9743 seconds.

System saved to out.xml
