
            /|      /|                        \   
           / |     / | ________________________\  
          /  |    /  |  _   _             _   _   
         /   |   /   | / \ / \ |\     /| / \ / \  
        /    |  /    | \_/ \_  | \   / | \_/ |_/  
       /     | /     | /     \ |  \ /  | /   | \  
    \_/      |/      | \_/ \_/ |   V   | \_/ |  \ 

     Mesmer: Master Equation Solver for Multi-Energy well Reactions
     Mesmer v3.0 compiled: -- Jan 27 2014 -- 17:02:15

     Copyright (C) 2009-2013 by
     Struan H. Robertson, David R. Glowacki, Chi-Hsiu Liang,
     Chris Morley, Michael J. Pilling and contributors

     Mesmer is free software: you can redistribute it and/or modify
     it under the terms of the GNU Public License as published by
     the Free Software Foundation, either version 2 of the License,
     or (at your option) any later version.

     But WITHOUT ANY WARRANTY; without even the implied warranty of
     MERCHANTABILITY or FITNESS FOR A PARTICULAR PURPOSE.  See the
     GNU Public License for more details.

    You should have received a copy of the GNU Public License
    along with Mesmer.  If not, see <http://www.gnu.org/licenses/>.


Parsing input xml file...
benzene_oxidation_test.xml

The default value of me:calcMethod was used.
In R_I1_I2c: Parsing reaction...
In I2_c_ax: The default value of me:DistributionCalcMethod was used.
In R_I1_I2c: No tunneling method used for R_I1_I2c
In R_I1_I2c: No crossing method used for R_I1_I2c
In R_I1_I2c: Not a unimolecular reaction: look for excess reactant concentration.
In R_I1_I2t: Parsing reaction...
In I2_t_eq: The default value of me:DistributionCalcMethod was used.
In R_I1_I2t: No tunneling method used for R_I1_I2t
In R_I1_I2t: No crossing method used for R_I1_I2t
In R_I1_I2t: Not a unimolecular reaction: look for excess reactant concentration.
In R1_HO2: Parsing reaction...
In R1_HO2: No tunneling method used for R1_HO2
In R1_HO2: No crossing method used for R1_HO2
In R1_HO2: Not a unimolecular reaction: look for excess reactant concentration.
In R3_HO2: Parsing reaction...
In R3_HO2: No tunneling method used for R3_HO2
In R3_HO2: No crossing method used for R3_HO2
In R_2_6t: Parsing reaction...
In R_2_6t: No tunneling method used for R_2_6t
In R_2_6t: No crossing method used for R_2_6t
In R_2_6c: Parsing reaction...
In R_2_6c: No tunneling method used for R_2_6c
In R_2_6c: No crossing method used for R_2_6c
All molecules are on the same energy basis: arbitary
The default value of precision (or one of its attributes) was used.
760Torr, 298K at d precision with N2
Write metadata 20140127_170355

File: "benzene_oxidation_test.xml" successfully parsed.
Main Calculation begins
The default value of me:DistributionCalcMethod was used.
The default value of me:energyTransferModel was used.
No value of me:deltaEDown was supplied and the default value NEEDS TO BE CHECKED**
In FastLaplaceConvolution: 140 values in the FFT convolution routine were replaced by standard convolution
Finish Calculation of P-T case
 -- Total time elapsed: 1 seconds.

System saved to out.xml
