
            /|      /|                        \   
           / |     / | ________________________\  
          /  |    /  |  _   _             _   _   
         /   |   /   | / \ / \ |\     /| / \ / \  
        /    |  /    | \_/ \_  | \   / | \_/ |_/  
       /     | /     | /     \ |  \ /  | /   | \  
    \_/      |/      | \_/ \_/ |   V   | \_/ |  \ 

     Mesmer: Master Equation Solver for Multi-Energy well Reactions
     Mesmer v3.0 compiled: -- Jan 28 2014 -- 12:44:47

     Copyright (C) 2009-2013 by
     Struan H. Robertson, David R. Glowacki, Chi-Hsiu Liang,
     Chris Morley, Michael J. Pilling and contributors

     Mesmer is free software: you can redistribute it and/or modify
     it under the terms of the GNU Public License as published by
     the Free Software Foundation, either version 2 of the License,
     or (at your option) any later version.

     But WITHOUT ANY WARRANTY; without even the implied warranty of
     MERCHANTABILITY or FITNESS FOR A PARTICULAR PURPOSE.  See the
     GNU Public License for more details.

    You should have received a copy of the GNU Public License
    along with Mesmer.  If not, see <http://www.gnu.org/licenses/>.


Parsing input xml file...
Methyl_H_to_Methane.xml

The default value of me:fittingTolerance was used.
In R1: Parsing reaction...
In Methyl: The default value of me:frequenciesScaleFactor was used.
In H: The default value of me:frequenciesScaleFactor was used.
In H: The default value of me:symmetryNumber was used.
In H: The default value of spinMultiplicity (or one of its attributes) was used.
In H: The default value of me:DOSCMethod was used.
In Methane: The default value of me:frequenciesScaleFactor was used.
In Methane: The default value of me:DistributionCalcMethod was used.
In R1: R1:preExponential was given a range with 41 steps 
In R1: R1:nInfinity was given a range with 81 steps 
In R1: The default value of me:TInfinity was used.
In R1: No tunneling method used for R1
In R1: No crossing method used for R1
In R1: Not a unimolecular reaction: look for excess reactant concentration.
In R1: No value of me:excessReactantConc was supplied and the default value NEEDS TO BE CHECKED**
All molecules are on the same energy basis: arbitary
25.1Torr, 301K at dd precision with He
50.8Torr, 301K at dd precision with He
101.3Torr, 301K at dd precision with He
152.4Torr, 301K at dd precision with He
205.5Torr, 301K at dd precision with He
255.8Torr, 301K at dd precision with He
306.5Torr, 301K at dd precision with He
356.5Torr, 301K at dd precision with He
408.3Torr, 301K at dd precision with He
509.5Torr, 301K at dd precision with He
25.2Torr, 401K at dd precision with He
50.2Torr, 401K at dd precision with He
100.2Torr, 401K at dd precision with He
152.9Torr, 401K at dd precision with He
200.2Torr, 401K at dd precision with He
254.2Torr, 401K at dd precision with He
350Torr, 401K at dd precision with He
455.9Torr, 401K at dd precision with He
508.5Torr, 401K at dd precision with He
610.5Torr, 401K at dd precision with He
25.2Torr, 504K at dd precision with He
50.2Torr, 504K at dd precision with He
100.5Torr, 504K at dd precision with He
153.5Torr, 504K at dd precision with He
200.8Torr, 504K at dd precision with He
255.8Torr, 504K at dd precision with He
356.8Torr, 504K at dd precision with He
400.2Torr, 504K at dd precision with He
509Torr, 504K at dd precision with He
611.7Torr, 504K at dd precision with He
105.3Torr, 601K at dd precision with He
208.5Torr, 601K at dd precision with He
304.5Torr, 601K at dd precision with He
411Torr, 601K at dd precision with He
515Torr, 601K at dd precision with He
614.5Torr, 601K at dd precision with He
711Torr, 601K at dd precision with He
Write metadata 20140128_124943

File: "Methyl_H_to_Methane.xml" successfully parsed.
Main Calculation begins
Number of grains produced is not equal to that requested
Number of grains requested: 204
Number of grains produced : 1
In FastLaplaceConvolution: 80 values in the FFT convolution routine were replaced by standard convolution
Association ILT calculation completed
Finish Calculation of P-T case

Chi^2 = 5.98727e-20
R1:preExponential=3e-10  R1:nInfinity=0.8  
Iteration: 1 of fitting. chiSquare = 5.98727e-20
Direction sweep:0 of fitting. chiSquare = 5.98727e-20

Begin line search
Association ILT calculation completed
Finish Calculation of P-T case
Association ILT calculation completed
Finish Calculation of P-T case
   6.67603e-020   5.98727e-020   4.95115e-020
Association ILT calculation completed
Finish Calculation of P-T case
   5.98727e-020   4.95115e-020   3.49955e-020
Association ILT calculation completed
Finish Calculation of P-T case
   4.95115e-020   3.49955e-020   1.84126e-020
Association ILT calculation completed
Finish Calculation of P-T case
   3.49955e-020   1.84126e-020   1.58699e-020

Bound check failed in bracket search.

Chi^2 = 1.84126e-20
R1:preExponential=1.46738e-10  R1:nInfinity=0.8  
Direction sweep:1 of fitting. chiSquare = 1.84126e-20

Begin line search
Association ILT calculation completed
Finish Calculation of P-T case
Association ILT calculation completed
Finish Calculation of P-T case
   1.84126e-020   1.59374e-020   1.60491e-020
Association ILT calculation completed
Finish Calculation of P-T case
   1.84126e-020   1.59374e-020   1.59798e-020   1.60491e-020
Association ILT calculation completed
Finish Calculation of P-T case
   1.84126e-020   1.59116e-020   1.59374e-020   1.59798e-020

Chi^2 = 1.59116e-20
R1:preExponential=1.46738e-10  R1:nInfinity=0.80618  

Begin line search

Chi^2 = 1.59116e-20
R1:preExponential=1.46738e-10  R1:nInfinity=0.80618  
Iteration: 2 of fitting. chiSquare = 1.59116e-20
Direction sweep:0 of fitting. chiSquare = 1.59116e-20

Begin line search
Association ILT calculation completed
Finish Calculation of P-T case
Association ILT calculation completed
Finish Calculation of P-T case
   1.59798e-020   1.59116e-020   1.58035e-020
Association ILT calculation completed
Finish Calculation of P-T case
   1.59116e-020   1.58035e-020   1.56355e-020
In FastLaplaceConvolution: 60 values in the FFT convolution routine were replaced by standard convolution
Association ILT calculation completed
Finish Calculation of P-T case
   1.58035e-020   1.56355e-020   1.53805e-020
Association ILT calculation completed
Finish Calculation of P-T case
   1.56355e-020   1.53805e-020   1.50133e-020
Association ILT calculation completed
Finish Calculation of P-T case
   1.53805e-020   1.50133e-020    1.4538e-020

Bound check failed in bracket search.

Chi^2 = 1.50133e-20
R1:preExponential=1.46738e-10  R1:nInfinity=0.542016  
Direction sweep:1 of fitting. chiSquare = 1.50133e-20

Begin line search

Chi^2 = 1.50133e-20
R1:preExponential=1.46738e-10  R1:nInfinity=0.542016  

Begin line search

Chi^2 = 1.50133e-20
R1:preExponential=1.46738e-10  R1:nInfinity=0.542016  

Direction Matrix Reset.
Iteration: 3 of fitting. chiSquare = 1.50133e-20
Direction sweep:0 of fitting. chiSquare = 1.50133e-20

Begin line search
Association ILT calculation completed
Finish Calculation of P-T case
Association ILT calculation completed
Finish Calculation of P-T case
   1.50133e-020   1.30957e-020   1.28535e-020
Association ILT calculation completed
Finish Calculation of P-T case
   1.30957e-020   1.28535e-020   1.72793e-020
Association ILT calculation completed
Finish Calculation of P-T case
   1.30957e-020   1.28535e-020   1.38842e-020   1.72793e-020
Association ILT calculation completed
Finish Calculation of P-T case
   1.30957e-020   1.26563e-020   1.28535e-020   1.38842e-020

Chi^2 = 1.26563e-20
R1:preExponential=1.66738e-10  R1:nInfinity=0.542016  
Direction sweep:1 of fitting. chiSquare = 1.26563e-20

Begin line search
Association ILT calculation completed
Finish Calculation of P-T case
Association ILT calculation completed
Finish Calculation of P-T case
   1.26563e-020   1.26457e-020   1.26314e-020
Association ILT calculation completed
Finish Calculation of P-T case
   1.26457e-020   1.26314e-020   1.26156e-020
Association ILT calculation completed
Finish Calculation of P-T case
   1.26314e-020   1.26156e-020   1.26094e-020
Association ILT calculation completed
Finish Calculation of P-T case
   1.26156e-020   1.26094e-020   1.26497e-020
Association ILT calculation completed
Finish Calculation of P-T case
   1.26156e-020   1.26094e-020   1.26174e-020   1.26497e-020
Association ILT calculation completed
Finish Calculation of P-T case
   1.26156e-020    1.2609e-020   1.26094e-020   1.26174e-020

Chi^2 = 1.2609e-20
R1:preExponential=1.66738e-10  R1:nInfinity=0.620557  

Begin line search

Chi^2 = 1.2609e-20
R1:preExponential=1.66738e-10  R1:nInfinity=0.620557  
Iteration: 4 of fitting. chiSquare = 1.2609e-20
Direction sweep:0 of fitting. chiSquare = 1.2609e-20

Begin line search
Association ILT calculation completed
Finish Calculation of P-T case
Association ILT calculation completed
Finish Calculation of P-T case
    1.2609e-020   1.26088e-020   1.26114e-020
Association ILT calculation completed
Finish Calculation of P-T case
    1.2609e-020   1.26088e-020   1.26094e-020   1.26114e-020
Association ILT calculation completed
Finish Calculation of P-T case
    1.2609e-020   1.26087e-020   1.26088e-020   1.26094e-020

Chi^2 = 1.26087e-20
R1:preExponential=1.66738e-10  R1:nInfinity=0.626738  
Direction sweep:1 of fitting. chiSquare = 1.26087e-20

Begin line search

Chi^2 = 1.26087e-20
R1:preExponential=1.66738e-10  R1:nInfinity=0.626738  

Begin line search

Chi^2 = 1.26087e-20
R1:preExponential=1.66738e-10  R1:nInfinity=0.626738  

Direction Matrix Reset.
Iteration: 5 of fitting. chiSquare = 1.26087e-20
Direction sweep:0 of fitting. chiSquare = 1.26087e-20

Begin line search
Association ILT calculation completed
Finish Calculation of P-T case
Association ILT calculation completed
Finish Calculation of P-T case
   1.28515e-020   1.26087e-020   1.41478e-020
Association ILT calculation completed
Finish Calculation of P-T case
   1.28515e-020   1.26087e-020    1.2903e-020   1.41478e-020
Association ILT calculation completed
Finish Calculation of P-T case
   1.28515e-020   1.25992e-020   1.26087e-020    1.2903e-020

Chi^2 = 1.25992e-20
R1:preExponential=1.70557e-10  R1:nInfinity=0.626738  
Direction sweep:1 of fitting. chiSquare = 1.25992e-20

Begin line search
Association ILT calculation completed
Finish Calculation of P-T case
Association ILT calculation completed
Finish Calculation of P-T case
   1.25992e-020   1.25893e-020   1.25762e-020
Association ILT calculation completed
Finish Calculation of P-T case
   1.25893e-020   1.25762e-020   1.25625e-020
Association ILT calculation completed
Finish Calculation of P-T case
   1.25762e-020   1.25625e-020   1.25602e-020
Association ILT calculation completed
Finish Calculation of P-T case
   1.25625e-020   1.25602e-020   1.26083e-020
Association ILT calculation completed
Finish Calculation of P-T case
   1.25625e-020   1.25602e-020    1.2571e-020   1.26083e-020
Association ILT calculation completed
Finish Calculation of P-T case
   1.25625e-020   1.25582e-020   1.25602e-020    1.2571e-020

Chi^2 = 1.25582e-20
R1:preExponential=1.70557e-10  R1:nInfinity=0.705279  

Begin line search

Chi^2 = 1.25582e-20
R1:preExponential=1.70557e-10  R1:nInfinity=0.705279  
Association ILT calculation completed
Finish Calculation of P-T case
Association ILT calculation completed
Finish Calculation of P-T case
Association ILT calculation completed
Finish Calculation of P-T case
PT Grid 0
Number of cells = 40800, Number of grains = 204
Association ILT calculation completed
Build Collison Operator
Diagonalize the Reaction Operator -- Time elapsed: 1 seconds.
PT Grid 1
Build Collison Operator
Diagonalize the Reaction Operator -- Time elapsed: 1 seconds.
PT Grid 2
Build Collison Operator
Diagonalize the Reaction Operator -- Time elapsed: 1 seconds.
PT Grid 3
Build Collison Operator
Diagonalize the Reaction Operator -- Time elapsed: 1 seconds.
PT Grid 4
Build Collison Operator
Diagonalize the Reaction Operator -- Time elapsed: 1 seconds.
PT Grid 5
Build Collison Operator
Diagonalize the Reaction Operator
PT Grid 6
Build Collison Operator -- Time elapsed: 1 seconds.
Diagonalize the Reaction Operator
PT Grid 7
Build Collison Operator
Diagonalize the Reaction Operator -- Time elapsed: 1 seconds.
PT Grid 8
Build Collison Operator
Diagonalize the Reaction Operator -- Time elapsed: 1 seconds.
PT Grid 9
Build Collison Operator
Diagonalize the Reaction Operator -- Time elapsed: 1 seconds.
PT Grid 10
Build Collison Operator
Diagonalize the Reaction Operator -- Time elapsed: 1 seconds.
PT Grid 11
Build Collison Operator
Diagonalize the Reaction Operator -- Time elapsed: 1 seconds.
PT Grid 12
Build Collison Operator
Diagonalize the Reaction Operator
PT Grid 13
Build Collison Operator
Diagonalize the Reaction Operator -- Time elapsed: 1 seconds.
PT Grid 14
Build Collison Operator
Diagonalize the Reaction Operator -- Time elapsed: 1 seconds.
PT Grid 15
Build Collison Operator
Diagonalize the Reaction Operator -- Time elapsed: 1 seconds.
PT Grid 16
Build Collison Operator
Diagonalize the Reaction Operator -- Time elapsed: 1 seconds.
PT Grid 17
Build Collison Operator
Diagonalize the Reaction Operator -- Time elapsed: 1 seconds.
PT Grid 18
Build Collison Operator
Diagonalize the Reaction Operator -- Time elapsed: 1 seconds.
PT Grid 19
Build Collison Operator
Diagonalize the Reaction Operator -- Time elapsed: 1 seconds.
PT Grid 20
Build Collison Operator
Diagonalize the Reaction Operator
PT Grid 21
Build Collison Operator
Diagonalize the Reaction Operator -- Time elapsed: 1 seconds.
PT Grid 22
Build Collison Operator
Diagonalize the Reaction Operator -- Time elapsed: 1 seconds.
PT Grid 23
Build Collison Operator
Diagonalize the Reaction Operator -- Time elapsed: 1 seconds.
PT Grid 24
Build Collison Operator
Diagonalize the Reaction Operator -- Time elapsed: 1 seconds.
PT Grid 25
Build Collison Operator
Diagonalize the Reaction Operator -- Time elapsed: 1 seconds.
PT Grid 26
Build Collison Operator
Diagonalize the Reaction Operator
PT Grid 27
Build Collison Operator -- Time elapsed: 1 seconds.
Diagonalize the Reaction Operator
PT Grid 28
Build Collison Operator
Diagonalize the Reaction Operator -- Time elapsed: 1 seconds.
PT Grid 29
Build Collison Operator
Diagonalize the Reaction Operator -- Time elapsed: 1 seconds.
PT Grid 30
Build Collison Operator
Diagonalize the Reaction Operator -- Time elapsed: 1 seconds.
PT Grid 31
Build Collison Operator
Diagonalize the Reaction Operator -- Time elapsed: 1 seconds.
PT Grid 32
Build Collison Operator
Diagonalize the Reaction Operator -- Time elapsed: 1 seconds.
PT Grid 33
Build Collison Operator
Diagonalize the Reaction Operator -- Time elapsed: 1 seconds.
PT Grid 34
Build Collison Operator
Diagonalize the Reaction Operator
PT Grid 35
Build Collison Operator
Diagonalize the Reaction Operator -- Time elapsed: 1 seconds.
PT Grid 36
Build Collison Operator
Diagonalize the Reaction Operator -- Time elapsed: 1 seconds.

    Temperature  Concentration    Exp. Coeff.    Cal. Coeff.

            301   8.05242e+017      1.26e-011   5.09398e-011
            301   1.62973e+018      3.52e-011   6.93716e-011
            301   3.24984e+018      6.36e-011   8.95001e-011
            301    4.8892e+018      9.37e-011   1.01795e-010
            301   6.59272e+018      1.05e-010   1.10719e-010
            301   8.20641e+018      1.34e-010   1.17122e-010
            301   9.83294e+018       1.4e-010   1.22281e-010
            301    1.1437e+019       1.4e-010   1.26481e-010
            301   1.30988e+019      1.61e-010   1.30151e-010
            301   1.63455e+019      1.82e-010   1.35911e-010
            401   6.06842e+017      2.35e-011   3.13461e-011
            401   1.20887e+018      2.52e-011   4.56919e-011
            401   2.41292e+018      4.44e-011   6.39142e-011
            401   3.68199e+018      6.06e-011   7.67857e-011
            401   4.82102e+018      7.56e-011   8.55602e-011
            401    6.1214e+018         9e-011    9.3625e-011
            401   8.42836e+018      1.01e-010   1.04729e-010
            401   1.09785e+019      1.21e-010   1.14051e-010
            401   1.22452e+019      1.31e-010   1.17911e-010
            401   1.47015e+019      1.44e-010   1.24355e-010
            504   4.82825e+017      1.14e-011   1.90753e-011
            504   9.61817e+017      1.66e-011   2.93368e-011
            504   1.92555e+018      3.44e-011   4.36044e-011
            504   2.94101e+018      4.68e-011   5.44551e-011
            504   3.84727e+018      5.31e-011   6.21939e-011
            504   4.90105e+018      5.78e-011   6.97221e-011
            504   6.83618e+018      6.82e-011   8.08747e-011
            504   7.66771e+018      7.75e-011   8.49208e-011
            504   9.75229e+018      8.32e-011   9.36923e-011
            504     1.172e+019      9.69e-011   1.00634e-010
            601   1.69189e+018      2.11e-011   3.08658e-011
            601   3.35005e+018      3.35e-011   4.57365e-011
            601   4.89251e+018      3.78e-011   5.59613e-011
            601   6.60369e+018       4.5e-011   6.50926e-011
            601    8.2747e+018      4.84e-011   7.25536e-011
            601    9.8734e+018      5.75e-011   7.87399e-011
            601   1.14239e+019      6.18e-011   8.40661e-011

Finish Calculation of P-T case
37 temperature/concentration-pressure points calculated.

Chi^2 = 1.25582e-20

Best fit parameters:

R1:preExponential = 1.70557e-10 +/- 0.814602
R1:nInfinity = 0.705279 +/- 2.04884e+10

Correlation coefficients:

R1:nInfinity , R1:preExponential = 0.808079

Goodness of Fit:

Number of degrees of Freedom = 35
Chi^2 probability = 1

 -- Total time elapsed: 1514 seconds.

System saved to out.xml
