
            /|      /|                        \   
           / |     / | ________________________\  
          /  |    /  |  _   _             _   _   
         /   |   /   | / \ / \ |\     /| / \ / \  
        /    |  /    | \_/ \_  | \   / | \_/ |_/  
       /     | /     | /     \ |  \ /  | /   | \  
    \_/      |/      | \_/ \_/ |   V   | \_/ |  \ 

     Mesmer: Master Equation Solver for Multi-Energy well Reactions
     Mesmer v3.0 compiled: -- Jan 28 2014 -- 12:44:47

     Copyright (C) 2009-2013 by
     Struan H. Robertson, David R. Glowacki, Chi-Hsiu Liang,
     Chris Morley, Michael J. Pilling and contributors

     Mesmer is free software: you can redistribute it and/or modify
     it under the terms of the GNU Public License as published by
     the Free Software Foundation, either version 2 of the License,
     or (at your option) any later version.

     But WITHOUT ANY WARRANTY; without even the implied warranty of
     MERCHANTABILITY or FITNESS FOR A PARTICULAR PURPOSE.  See the
     GNU Public License for more details.

    You should have received a copy of the GNU Public License
    along with Mesmer.  If not, see <http://www.gnu.org/licenses/>.


Parsing input xml file...
Chebyshev.xml

In R1: Parsing reaction...
In CH3OCH2: The default value of me:DOSCMethod was used.
In IM1: Hindered rotor b5
Hindered rotor b4
Hindered rotor b5
Hindered rotor b4
Hindered rotor b8
The default value of me:DistributionCalcMethod was used.
In R1: The default value of me:TInfinity was used.
In R1: No tunneling method used for R1
In R1: No crossing method used for R1
In R1: Not a unimolecular reaction: look for excess reactant concentration.
In R2: Parsing reaction...
In IM2: Hindered rotor b1
Hindered rotor b2
Hindered rotor b3
Hindered rotor b4
The default value of me:DistributionCalcMethod was used.
In R2: No crossing method used for R2
In R3: Parsing reaction...
In CH2O: Could not find CH2O in ../../librarymols.xml
In TS5: The default value of me:frequenciesScaleFactor was used.
In TS5: The default value of me:DOSCMethod was used.
In R3: Hindered rotor b1
Hindered rotor b2
Hindered rotor b3
No tunneling method used for R3
In R3: No crossing method used for R3
In R4: Parsing reaction...
In R4: No tunneling method used for R4
In R4: No crossing method used for R4
In R5: Parsing reaction...
In cycCH2OCH2O: Could not find cycCH2OCH2O in ../../librarymols.xml
In R5: No tunneling method used for R5
In R5: No crossing method used for R5
All molecules are on the same energy basis: arbitary
No pressure and temperature specified.
Write metadata 20140128_165358

File: "Chebyshev.xml" successfully parsed.
Main Calculation begins
In FastLaplaceConvolution: 840 values in the FFT convolution routine were replaced by standard convolution
In FastLaplaceConvolution: 860 values in the FFT convolution routine were replaced by standard convolution
Association ILT calculation completed
In FastLaplaceConvolution: 4220 values in the FFT convolution routine were replaced by standard convolution
units(length = 'cm', quantity = 'molecule')

chebyshev_reaction('CH3OCH2 + O2 => IM1',
                   Tmin=   200, Tmax=  1000,
                   Pmin=( 1e+17, 'PPCC'), Pmax=( 1e+20, 'PPCC'), 
                   coeffs=[[       -11.799,      0.837261,     -0.269674,     0.0653351],
                           [       1.04186,     -0.646659,     0.0544004,      0.030776],
                           [     -0.420783,      0.183986,     0.0520748,    -0.0272962],
                           [      0.163349,   -0.00509385,     -0.050099,     0.0128593],
                           [    -0.0532558,    -0.0361437,     0.0288397,   -0.00703693],
                           [      0.012331,     0.0309062,    -0.0144709,    0.00585237]])

chebyshev_reaction('CH3OCH2 + O2 => IM2',
                   Tmin=   200, Tmax=  1000,
                   Pmin=( 1e+17, 'PPCC'), Pmax=( 1e+20, 'PPCC'), 
                   coeffs=[[      -13.2929,      0.603263,     -0.437471,    -0.0109128],
                           [      0.614961,      -0.39355,     -0.125341,    0.00901105],
                           [     -0.440127,      0.333112,    -0.0646165,     0.0224399],
                           [      0.225535,     -0.105745,    -0.0327486,       0.04537],
                           [    -0.0922496,    0.00182426,     0.0474636,    -0.0152534],
                           [     0.0292475,     0.0244991,     -0.027012,    -0.0137483]])

chebyshev_reaction('CH3OCH2 + O2 => OH-1 + CH2O + CH2O',
                   Tmin=   200, Tmax=  1000,
                   Pmin=( 1e+17, 'PPCC'), Pmax=( 1e+20, 'PPCC'), 
                   coeffs=[[       -12.221,      -1.10656,     -0.258033,   0.000354266],
                           [    -0.0640537,     -0.856757,     -0.125027,     0.0210921],
                           [     -0.158378,      0.172992,     0.0616427,   -0.00083406],
                           [      0.114452,   -0.00112805,    -0.0168964,   -0.00296603],
                           [     -0.049916,     -0.016838,    0.00165535,    0.00258846],
                           [     0.0170207,    0.00930294,    0.00123525,   -0.00131533]])

chebyshev_reaction('CH3OCH2 + O2 => OH-2 + CH2O + CH2O',
                   Tmin=   200, Tmax=  1000,
                   Pmin=( 1e+17, 'PPCC'), Pmax=( 1e+20, 'PPCC'), 
                   coeffs=[[      -17.3761,     -0.897403,     -0.215837,    -0.0105664],
                           [      -1.23143,     -0.815124,     -0.143861,    0.00994797],
                           [    -0.0378335,     0.0997247,     0.0542952,    0.00647067],
                           [     0.0682227,     0.0236053,    -0.0076737,   -0.00555337],
                           [    -0.0266396,    -0.0198896,   -0.00357077,    0.00219201],
                           [    0.00672562,    0.00776714,    0.00327545,  -0.000184621]])

chebyshev_reaction('CH3OCH2 + O2 => OH-3 + cycCH2OCH2O',
                   Tmin=   200, Tmax=  1000,
                   Pmin=( 1e+17, 'PPCC'), Pmax=( 1e+20, 'PPCC'), 
                   coeffs=[[      -18.0542,     -0.861295,     -0.216053,    -0.0117042],
                           [      -1.36881,      -0.78434,      -0.14737,    0.00897518],
                           [    -0.0472627,     0.0960944,     0.0531724,    0.00703044],
                           [     0.0660375,     0.0236294,   -0.00680267,   -0.00569888],
                           [    -0.0258271,    -0.0195637,   -0.00387652,    0.00204753],
                           [    0.00655548,    0.00749999,    0.00329716, -6.91222e-005]])

chebyshev_reaction('IM1 => CH3OCH2 + O2',
                   Tmin=   200, Tmax=  1000,
                   Pmin=( 1e+17, 'PPCC'), Pmax=( 1e+20, 'PPCC'), 
                   coeffs=[[      -8.16725,      0.837261,     -0.269674,     0.0653351],
                           [      -14.1298,     -0.646659,     0.0544004,      0.030776],
                           [     -0.508445,      0.183986,     0.0520748,    -0.0272962],
                           [      0.192989,   -0.00509385,     -0.050099,     0.0128593],
                           [    -0.0611656,    -0.0361437,     0.0288397,   -0.00703693],
                           [     0.0141773,     0.0309062,    -0.0144709,    0.00585237]])

chebyshev_reaction('IM1 => IM2',
                   Tmin=   200, Tmax=  1000,
                   Pmin=( 1e+17, 'PPCC'), Pmax=( 1e+20, 'PPCC'), 
                   coeffs=[[    -0.0617025,      0.374517,    -0.0998479,    0.00436213],
                           [      -5.49093,     -0.545328,      0.116585,      0.011083],
                           [   -0.00234438,      0.242096,    -0.0130626,    -0.0250926],
                           [     0.0955188,    -0.0512157,    -0.0351295,     0.0212084],
                           [    -0.0466434,    -0.0208485,     0.0365595,   -0.00516679],
                           [    0.00925775,     0.0296315,    -0.0190299,    -0.0108736]])

chebyshev_reaction('IM1 => OH-1 + CH2O + CH2O',
                   Tmin=   200, Tmax=  1000,
                   Pmin=( 1e+17, 'PPCC'), Pmax=( 1e+20, 'PPCC'), 
                   coeffs=[[      -5.02281,     -0.283145,     -0.239342,  -0.000451941],
                           [      -11.3162,     -0.726681,    -0.0427733,     0.0179927],
                           [     -0.373585,      0.225166,     0.0396833,    0.00203809],
                           [      0.208967,    -0.0260682,    -0.0206401,    0.00327934],
                           [    -0.0751191,   -0.00940897,   -0.00052936,   0.000517488],
                           [     0.0214443,   -0.00505398,     0.0165415,    -0.0098269]])

chebyshev_reaction('IM1 => OH-2 + CH2O + CH2O',
                   Tmin=   200, Tmax=  1000,
                   Pmin=( 1e+17, 'PPCC'), Pmax=( 1e+20, 'PPCC'), 
                   coeffs=[[      -13.2571,       1.03671,     -0.382553,     0.0240826],
                           [       -14.363,     -0.621044,    -0.0597747,     0.0168622],
                           [      -0.54081,      0.271888,     0.0999698,    -0.0186606],
                           [      0.248688,      0.143681,    -0.0348436,     0.0569046],
                           [     -0.019933,     0.0433028,     0.0550067,     0.0157201],
                           [     0.0334507,     0.0803247,      0.029837,     0.0172032]])

chebyshev_reaction('IM1 => OH-3 + cycCH2OCH2O',
                   Tmin=   200, Tmax=  1000,
                   Pmin=( 1e+17, 'PPCC'), Pmax=( 1e+20, 'PPCC'), 
                   coeffs=[[      -14.1499,       1.21562,     -0.411791,     0.0190691],
                           [      -14.6101,     -0.506031,    -0.0863196,    0.00818205],
                           [     -0.535192,      0.311335,      0.112335,    -0.0468256],
                           [      0.253032,      0.220866,    -0.0470663,     0.0567923],
                           [   -0.00276421,     0.0772511,     0.0730056,     0.0100559],
                           [     0.0340042,      0.126288,     0.0308416,     0.0259972]])

chebyshev_reaction('IM2 => CH3OCH2 + O2',
                   Tmin=   200, Tmax=  1000,
                   Pmin=( 1e+17, 'PPCC'), Pmax=( 1e+20, 'PPCC'), 
                   coeffs=[[      -3.58729,      0.603263,     -0.437471,    -0.0109128],
                           [      -9.92558,      -0.39355,     -0.125341,    0.00901105],
                           [     -0.640103,      0.333112,    -0.0646165,     0.0224399],
                           [      0.289216,     -0.105745,    -0.0327486,       0.04537],
                           [     -0.109247,    0.00182426,     0.0474636,    -0.0152534],
                           [     0.0326865,     0.0244991,     -0.027012,    -0.0137483]])

chebyshev_reaction('IM2 => IM1',
                   Tmin=   200, Tmax=  1000,
                   Pmin=( 1e+17, 'PPCC'), Pmax=( 1e+20, 'PPCC'), 
                   coeffs=[[       6.01216,      0.374517,    -0.0998479,    0.00436213],
                           [     -0.859841,     -0.545328,      0.116585,      0.011083],
                           [     -0.114658,      0.242096,    -0.0130626,    -0.0250926],
                           [       0.12956,    -0.0512157,    -0.0351295,     0.0212084],
                           [    -0.0557305,    -0.0208485,     0.0365595,   -0.00516679],
                           [     0.0108504,     0.0296315,    -0.0190299,    -0.0108736]])

chebyshev_reaction('IM2 => OH-1 + CH2O + CH2O',
                   Tmin=   200, Tmax=  1000,
                   Pmin=( 1e+17, 'PPCC'), Pmax=( 1e+20, 'PPCC'), 
                   coeffs=[[      0.838061,       1.07256,     -0.159653,     -0.077907],
                           [      -6.87196,      0.208368,     -0.295751,    -0.0181688],
                           [     -0.342624,     0.0411558,    -0.0596276,      0.113175],
                           [      0.279048,      -0.18139,      0.121765,    -0.0388778],
                           [     -0.134597,     0.0895663,    -0.0182486,    -0.0284165],
                           [    0.00551213,      0.050423,      -0.07478,     0.0446269]])

chebyshev_reaction('IM2 => OH-2 + CH2O + CH2O',
                   Tmin=   200, Tmax=  1000,
                   Pmin=( 1e+17, 'PPCC'), Pmax=( 1e+20, 'PPCC'), 
                   coeffs=[[         -7.73,       2.03926,     -0.141805,    -0.0181094],
                           [      -10.1312,      0.139716,    -0.0621539,     -0.142569],
                           [     -0.579569,     0.0447917,     -0.177683,      0.080705],
                           [      0.301153,     -0.162953,      0.118153,    0.00909696],
                           [     -0.136187,     0.0938225,    0.00725218,    -0.0414291],
                           [    0.00581801,     0.0533003,     -0.104301,     0.0464222]])

chebyshev_reaction('IM2 => OH-3 + cycCH2OCH2O',
                   Tmin=   200, Tmax=  1000,
                   Pmin=( 1e+17, 'PPCC'), Pmax=( 1e+20, 'PPCC'), 
                   coeffs=[[      -8.64945,       2.15051,     -0.140371,   -0.00562372],
                           [      -10.3809,      0.136568,     -0.017686,     -0.149983],
                           [      -0.60477,     0.0563787,     -0.193404,     0.0837332],
                           [      0.290567,     -0.138189,     0.0938443,      0.026405],
                           [      -0.13876,     0.0999376,    0.00434473,    -0.0389606],
                           [    0.00362015,     0.0561614,      -0.10726,     0.0486827]])

 -- Total time elapsed: 126 seconds.

System saved to mesmer_out.xml
