
            /|      /|                        \   
           / |     / | ________________________\  
          /  |    /  |  _   _             _   _   
         /   |   /   | / \ / \ |\     /| / \ / \  
        /    |  /    | \_/ \_  | \   / | \_/ |_/  
       /     | /     | /     \ |  \ /  | /   | \  
    \_/      |/      | \_/ \_/ |   V   | \_/ |  \ 

     Mesmer: Master Equation Solver for Multi-Energy well Reactions
     Mesmer v3.0 compiled: -- Jan 28 2014 -- 12:44:47

     Copyright (C) 2009-2013 by
     Struan H. Robertson, David R. Glowacki, Chi-Hsiu Liang,
     Chris Morley, Michael J. Pilling and contributors

     Mesmer is free software: you can redistribute it and/or modify
     it under the terms of the GNU Public License as published by
     the Free Software Foundation, either version 2 of the License,
     or (at your option) any later version.

     But WITHOUT ANY WARRANTY; without even the implied warranty of
     MERCHANTABILITY or FITNESS FOR A PARTICULAR PURPOSE.  See the
     GNU Public License for more details.

    You should have received a copy of the GNU Public License
    along with Mesmer.  If not, see <http://www.gnu.org/licenses/>.


Parsing input xml file...
ChebyshevCK.xml

In R1: Parsing reaction...
In CH3OCH2: The default value of me:DOSCMethod was used.
In IM1: Hindered rotor b5
Hindered rotor b4
Hindered rotor b5
Hindered rotor b4
Hindered rotor b8
The default value of me:DistributionCalcMethod was used.
In R1: The default value of me:TInfinity was used.
In R1: No tunneling method used for R1
In R1: No crossing method used for R1
In R1: Not a unimolecular reaction: look for excess reactant concentration.
In R2: Parsing reaction...
In IM2: Hindered rotor b1
Hindered rotor b2
Hindered rotor b3
Hindered rotor b4
The default value of me:DistributionCalcMethod was used.
In R2: No crossing method used for R2
In R3: Parsing reaction...
In TS5: The default value of me:frequenciesScaleFactor was used.
In TS5: The default value of me:DOSCMethod was used.
In R3: Hindered rotor b1
Hindered rotor b2
Hindered rotor b3
No tunneling method used for R3
In R3: No crossing method used for R3
In R4: Parsing reaction...
In R4: No tunneling method used for R4
In R4: No crossing method used for R4
In R5: Parsing reaction...
In R5: No tunneling method used for R5
In R5: No crossing method used for R5
All molecules are on the same energy basis: arbitary
No pressure and temperature specified.
Write metadata 20140128_165604

File: "ChebyshevCK.xml" successfully parsed.
Main Calculation begins
In FastLaplaceConvolution: 840 values in the FFT convolution routine were replaced by standard convolution
In FastLaplaceConvolution: 860 values in the FFT convolution routine were replaced by standard convolution
Association ILT calculation completed
In FastLaplaceConvolution: 4220 values in the FFT convolution routine were replaced by standard convolution

REACTIONS MOLES

CH3OCH2 + O2 => IM1 (+M)  1.00  0.0  0.0
! Data generated by MESMER 3.0 on Jan 28 2014.
    TCHEB/            200          1000/
    PCHEB/          0.001            10/
    CHEB/     6     4/
    CHEB/        11.483       1.56575     -0.580521      0.156843/
    CHEB/       1.41685       -1.0564     0.0640909     0.0960827/
    CHEB/     -0.412214     0.0284025      0.261411     -0.131539/
    CHEB/     0.0694169      0.220419     -0.212117      0.069406/
    CHEB/   -0.00224923     -0.139897      0.066522    0.00980737/
    CHEB/    0.00903283     0.0313034     0.0252101    -0.0506691/

CH3OCH2 + O2 => IM2 (+M)  1.00  0.0  0.0
! Data generated by MESMER 3.0 on Jan 28 2014.
    TCHEB/            200          1000/
    PCHEB/          0.001            10/
    CHEB/     6     4/
    CHEB/       10.0742      0.960804     -0.633164    -0.0492449/
    CHEB/      0.754133     -0.745603     -0.289295     0.0958106/
    CHEB/      -0.57641      0.446194    -0.0296385     0.0114351/
    CHEB/      0.206984    0.00678577     -0.127981     0.0772578/
    CHEB/    -0.0761508      -0.05017      0.058537    0.00987938/
    CHEB/     0.0328844     0.0209099   -0.00849163     -0.025653/

CH3OCH2 + O2 => OH-1 (+M)  1.00  0.0  0.0
! Data generated by MESMER 3.0 on Jan 28 2014.
    TCHEB/            200          1000/
    PCHEB/          0.001            10/
    CHEB/     6     4/
    CHEB/       11.4409      -1.38033     -0.410443   -0.00505368/
    CHEB/     -0.247027      -1.20562     -0.241682     0.0526281/
    CHEB/     -0.184718      0.168914      0.113253      0.015835/
    CHEB/      0.130716     0.0281512    -0.0169272    -0.0138147/
    CHEB/    -0.0540588    -0.0283404    -0.0055976    0.00458283/
    CHEB/     0.0170549     0.0114332    0.00498691  -0.000994335/

CH3OCH2 + O2 => OH-2 (+M)  1.00  0.0  0.0
! Data generated by MESMER 3.0 on Jan 28 2014.
    TCHEB/            200          1000/
    PCHEB/          0.001            10/
    CHEB/     6     4/
    CHEB/       6.29084      -1.15976     -0.347841    -0.0222824/
    CHEB/      -1.39696      -1.14159       -0.2631     0.0205652/
    CHEB/    -0.0681454     0.0809862     0.0881419       0.02556/
    CHEB/     0.0823904     0.0522084   0.000547731    -0.0111091/
    CHEB/    -0.0290639    -0.0281246    -0.0114825    0.00133899/
    CHEB/    0.00627408    0.00833595     0.0060003    0.00112729/

CH3OCH2 + O2 => OH-3 (+M)  1.00  0.0  0.0
! Data generated by MESMER 3.0 on Jan 28 2014.
    TCHEB/            200          1000/
    PCHEB/          0.001            10/
    CHEB/     6     4/
    CHEB/       5.61133      -1.11707     -0.347649    -0.0251719/
    CHEB/      -1.53445      -1.10314     -0.268548     0.0172276/
    CHEB/    -0.0769072     0.0768219     0.0847658     0.0263103/
    CHEB/     0.0801087      0.051432     0.0018499     -0.010768/
    CHEB/    -0.0282182    -0.0275395    -0.0116411    0.00102248/
    CHEB/    0.00610342    0.00802378    0.00589101    0.00128399/

IM1 => CH3OCH2 + O2 (+M)  1.00  0.0  0.0
! Data generated by MESMER 3.0 on Jan 28 2014.
    TCHEB/            200          1000/
    PCHEB/          0.001            10/
    CHEB/     6     4/
    CHEB/      -8.66504       1.56575     -0.580521      0.156843/
    CHEB/      -13.7548       -1.0564     0.0640909     0.0960827/
    CHEB/     -0.499877     0.0284025      0.261411     -0.131539/
    CHEB/     0.0990569      0.220419     -0.212117      0.069406/
    CHEB/     -0.010159     -0.139897      0.066522    0.00980737/
    CHEB/     0.0108791     0.0313034     0.0252101    -0.0506691/

IM1 => IM2 (+M)  1.00  0.0  0.0
! Data generated by MESMER 3.0 on Jan 28 2014.
    TCHEB/            200          1000/
    PCHEB/          0.001            10/
    CHEB/     6     4/
    CHEB/      -0.25824      0.622328     -0.148507   -0.00184525/
    CHEB/      -5.21394     -0.865172      0.142457     0.0352948/
    CHEB/     -0.106795      0.322833     0.0234718     -0.037709/
    CHEB/      0.099568    -0.0141586    -0.0741801     0.0169506/
    CHEB/    -0.0321855    -0.0563499      0.043345    0.00606101/
    CHEB/     0.0135102     0.0197971    0.00514537    -0.0213678/

IM1 => OH-1 (+M)  1.00  0.0  0.0
! Data generated by MESMER 3.0 on Jan 28 2014.
    TCHEB/            200          1000/
    PCHEB/          0.001            10/
    CHEB/     6     4/
    CHEB/      -5.22518     -0.246966     -0.359161    -0.0110108/
    CHEB/      -11.2398      -1.11284    -0.0673928     0.0443711/
    CHEB/     -0.449717      0.289084     0.0845157  -0.000425348/
    CHEB/       0.24444    -0.0311113    -0.0169742    -0.0147032/
    CHEB/      -0.10366     0.0165883     -0.029653     0.0234489/
    CHEB/     0.0292923   -0.00575842     0.0105018    0.00778667/

IM1 => OH-2 (+M)  1.00  0.0  0.0
! Data generated by MESMER 3.0 on Jan 28 2014.
    TCHEB/            200          1000/
    PCHEB/          0.001            10/
    CHEB/     6     4/
    CHEB/      -13.7935         1.633     -0.632628      0.117462/
    CHEB/      -14.0998     -0.977267      -0.14305       0.21725/
    CHEB/     -0.350649     -0.103406      0.532374     -0.131433/
    CHEB/      0.201338      0.510227     -0.175668     0.0330779/
    CHEB/      0.162623    -0.0633511      0.117604    -0.0813979/
    CHEB/     0.0837948      0.195982   -0.00631413     -0.123927/

IM1 => OH-3 (+M)  1.00  0.0  0.0
! Data generated by MESMER 3.0 on Jan 28 2014.
    TCHEB/            200          1000/
    PCHEB/          0.001            10/
    CHEB/     6     4/
    CHEB/      -14.6343       1.81769     -0.636818     0.0220244/
    CHEB/      -14.2894     -0.768592     -0.257716       0.15464/
    CHEB/      -0.27307     -0.125923       0.53673     -0.171347/
    CHEB/       0.24344      0.456011     -0.112033    -0.0148004/
    CHEB/      0.156382     -0.114335      0.116827      0.019893/
    CHEB/      0.038566      0.163364     0.0111999    -0.0528963/

IM2 => CH3OCH2 + O2 (+M)  1.00  0.0  0.0
! Data generated by MESMER 3.0 on Jan 28 2014.
    TCHEB/            200          1000/
    PCHEB/          0.001            10/
    CHEB/     6     4/
    CHEB/      -3.99995      0.960804     -0.633164    -0.0492449/
    CHEB/      -9.78641     -0.745603     -0.289295     0.0958106/
    CHEB/     -0.776386      0.446194    -0.0296385     0.0114351/
    CHEB/      0.270665    0.00678577     -0.127981     0.0772578/
    CHEB/    -0.0931478      -0.05017      0.058537    0.00987938/
    CHEB/     0.0363233     0.0209099   -0.00849163     -0.025653/

IM2 => IM1 (+M)  1.00  0.0  0.0
! Data generated by MESMER 3.0 on Jan 28 2014.
    TCHEB/            200          1000/
    PCHEB/          0.001            10/
    CHEB/     6     4/
    CHEB/       5.81563      0.622328     -0.148507   -0.00184525/
    CHEB/     -0.582849     -0.865172      0.142457     0.0352948/
    CHEB/     -0.219108      0.322833     0.0234718     -0.037709/
    CHEB/      0.133609    -0.0141586    -0.0741801     0.0169506/
    CHEB/    -0.0412726    -0.0563499      0.043345    0.00606101/
    CHEB/     0.0151028     0.0197971    0.00514537    -0.0213678/

IM2 => OH-1 (+M)  1.00  0.0  0.0
! Data generated by MESMER 3.0 on Jan 28 2014.
    TCHEB/            200          1000/
    PCHEB/          0.001            10/
    CHEB/     6     4/
    CHEB/      0.691503       1.20825     -0.105911     -0.148177/
    CHEB/      -6.72845      0.118405     -0.272035     -0.140745/
    CHEB/      -0.56267      0.344621     -0.265069      0.190703/
    CHEB/      0.344431     -0.227277      0.103089     0.0637782/
    CHEB/    -0.0520075     -0.103197      0.152408     -0.149535/
    CHEB/    -0.0096667     0.0833057    -0.0684745    -0.0246757/

IM2 => OH-2 (+M)  1.00  0.0  0.0
! Data generated by MESMER 3.0 on Jan 28 2014.
    TCHEB/            200          1000/
    PCHEB/          0.001            10/
    CHEB/     6     4/
    CHEB/      -8.16628       2.67879     -0.246804      -0.12392/
    CHEB/      -9.73734     -0.111961     -0.191856    -0.0226977/
    CHEB/     -0.770435       0.18323      -0.21148    0.00459501/
    CHEB/      0.286557    -0.0315088    -0.0635476      0.213418/
    CHEB/    -0.0887306   -0.00334013     0.0971356     -0.115274/
    CHEB/    -0.0179886     0.0561384    -0.0561998    -0.0198162/

IM2 => OH-3 (+M)  1.00  0.0  0.0
! Data generated by MESMER 3.0 on Jan 28 2014.
    TCHEB/            200          1000/
    PCHEB/          0.001            10/
    CHEB/     6     4/
    CHEB/      -9.07893       2.78117     -0.202136     -0.164311/
    CHEB/      -9.99284    -0.0649733      -0.20627     0.0144469/
    CHEB/     -0.778058      0.148858      -0.18474    -0.0191811/
    CHEB/      0.248486     0.0373261     -0.111575      0.235218/
    CHEB/     -0.133129     0.0928023    0.00555085     -0.043833/
    CHEB/     -0.028743     0.0713059    -0.0663382    -0.0120924/

 -- Total time elapsed: 129 seconds.

System saved to mesmer_out.xml
